#
# There is insufficient memory for the Java Runtime Environment to continue.
# Native memory allocation (malloc) failed to allocate 694576 bytes. Error detail: Chunk::new
# Possible reasons:
#   The system is out of physical RAM or swap space
#   This process is running with CompressedOops enabled, and the Java Heap may be blocking the growth of the native heap
# Possible solutions:
#   Reduce memory load on the system
#   Increase physical memory or swap space
#   Check if swap backing store is full
#   Decrease Java heap size (-Xmx/-Xms)
#   Decrease number of Java threads
#   Decrease Java thread stack sizes (-Xss)
#   Set larger code cache with -XX:ReservedCodeCacheSize=
#   JVM is running with Unscaled Compressed Oops mode in which the Java heap is
#     placed in the first 4GB address space. The Java Heap base address is the
#     maximum limit for the native heap growth. Please use -XX:HeapBaseMinAddress
#     to set the Java Heap base and to place the Java Heap above 4GB virtual address.
# This output file may be truncated or incomplete.
#
#  Out of Memory Error (arena.cpp:168), pid=4724, tid=17692
#
# JRE version: OpenJDK Runtime Environment Temurin-21.0.6+7 (21.0.6+7) (build 21.0.6+7-LTS)
# Java VM: OpenJDK 64-Bit Server VM Temurin-21.0.6+7 (21.0.6+7-LTS, mixed mode, sharing, tiered, compressed oops, compressed class ptrs, parallel gc, windows-amd64)
# No core dump will be written. Minidumps are not enabled by default on client versions of Windows
#

---------------  S U M M A R Y ------------

Command Line: --add-modules=ALL-SYSTEM --add-opens=java.base/java.util=ALL-UNNAMED --add-opens=java.base/java.lang=ALL-UNNAMED --add-opens=java.base/sun.nio.fs=ALL-UNNAMED -Declipse.application=org.eclipse.jdt.ls.core.id1 -Dosgi.bundles.defaultStartLevel=4 -Declipse.product=org.eclipse.jdt.ls.core.product -Djava.import.generatesMetadataFilesAtProjectRoot=false -DDetectVMInstallationsJob.disabled=true -Dfile.encoding=utf8 -XX:+UseParallelGC -XX:GCTimeRatio=4 -XX:AdaptiveSizePolicyWeight=90 -Dsun.zip.disableMemoryMapping=true -Xmx1G -Xms100m -Xlog:disable -javaagent:c:\Users\leone\.vscode\extensions\redhat.java-1.41.1-win32-x64\lombok\lombok-1.18.36.jar c:\Users\leone\.vscode\extensions\redhat.java-1.41.1-win32-x64\server\plugins\org.eclipse.equinox.launcher_1.7.0.v20250331-1702.jar -configuration c:\Users\leone\AppData\Roaming\Code\User\globalStorage\redhat.java\1.41.1\config_ss_win -data c:\Users\leone\AppData\Roaming\Code\User\workspaceStorage\a3c3274fa406f47b0e14858119fa9210\redhat.java\ss_ws --pipe=\\.\pipe\lsp-981b45813474573e0091d3d093f15a47-sock

Host: Intel(R) Core(TM) i5-5200U CPU @ 2.20GHz, 4 cores, 3G,  Windows 10 , 64 bit Build 19041 (10.0.19041.5438)
Time: Fri Apr  4 11:39:25 2025 Hora oficial do Brasil elapsed time: 58.653861 seconds (0d 0h 0m 58s)

---------------  T H R E A D  ---------------

Current thread (0x000001eb7e2125f0):  JavaThread "C2 CompilerThread0" daemon [_thread_in_native, id=17692, stack(0x000000c13b600000,0x000000c13b700000) (1024K)]


Current CompileTask:
C2:58654 4160       4       org.eclipse.osgi.internal.loader.ModuleClassLoader::toString (80 bytes)

Stack: [0x000000c13b600000,0x000000c13b700000]
Native frames: (J=compiled Java code, j=interpreted, Vv=VM code, C=native code)
V  [jvm.dll+0x6cdee9]
V  [jvm.dll+0x8a83d1]
V  [jvm.dll+0x8aa8fe]
V  [jvm.dll+0x8aafe3]
V  [jvm.dll+0x27f706]
V  [jvm.dll+0xc500d]
V  [jvm.dll+0xc5543]
V  [jvm.dll+0x3b6752]
V  [jvm.dll+0x382935]
V  [jvm.dll+0x381d9a]
V  [jvm.dll+0x2479f0]
V  [jvm.dll+0x246fcf]
V  [jvm.dll+0x1c75ee]
V  [jvm.dll+0x25685a]
V  [jvm.dll+0x254dfa]
V  [jvm.dll+0x3f0256]
V  [jvm.dll+0x851f8b]
V  [jvm.dll+0x6cc5ed]
C  [ucrtbase.dll+0x21bb2]
C  [KERNEL32.DLL+0x17374]
C  [ntdll.dll+0x4cc91]


---------------  P R O C E S S  ---------------

Threads class SMR info:
_java_thread_list=0x000001eb480c1280, length=31, elements={
0x000001eb6bee14f0, 0x000001eb7e208000, 0x000001eb7e209f10, 0x000001eb7e20c230,
0x000001eb7e20f050, 0x000001eb7e20fd60, 0x000001eb7e2117c0, 0x000001eb7e2125f0,
0x000001eb7e289890, 0x000001eb6bf4e9c0, 0x000001eb7f1fdf80, 0x000001eb7fa77150,
0x000001eb7f8388e0, 0x000001eb7f7386d0, 0x000001eb7f734640, 0x000001eb7f721120,
0x000001eb7fb97d50, 0x000001eb7f6a7690, 0x000001eb7f986f90, 0x000001eb7f986270,
0x000001eb7f987620, 0x000001eb7f987cb0, 0x000001eb7f986900, 0x000001eb7f988340,
0x000001eb7f9889d0, 0x000001eb7f985550, 0x000001eb7f985be0, 0x000001eb47da5080,
0x000001eb47da7e70, 0x000001eb47da6430, 0x000001eb47da5710
}

Java Threads: ( => current thread )
  0x000001eb6bee14f0 JavaThread "main"                              [_thread_blocked, id=25712, stack(0x000000c13ac00000,0x000000c13ad00000) (1024K)]
  0x000001eb7e208000 JavaThread "Reference Handler"          daemon [_thread_blocked, id=18764, stack(0x000000c13b000000,0x000000c13b100000) (1024K)]
  0x000001eb7e209f10 JavaThread "Finalizer"                  daemon [_thread_blocked, id=21268, stack(0x000000c13b100000,0x000000c13b200000) (1024K)]
  0x000001eb7e20c230 JavaThread "Signal Dispatcher"          daemon [_thread_blocked, id=23452, stack(0x000000c13b200000,0x000000c13b300000) (1024K)]
  0x000001eb7e20f050 JavaThread "Attach Listener"            daemon [_thread_blocked, id=22624, stack(0x000000c13b300000,0x000000c13b400000) (1024K)]
  0x000001eb7e20fd60 JavaThread "Service Thread"             daemon [_thread_blocked, id=18520, stack(0x000000c13b400000,0x000000c13b500000) (1024K)]
  0x000001eb7e2117c0 JavaThread "Monitor Deflation Thread"   daemon [_thread_blocked, id=7636, stack(0x000000c13b500000,0x000000c13b600000) (1024K)]
=>0x000001eb7e2125f0 JavaThread "C2 CompilerThread0"         daemon [_thread_in_native, id=17692, stack(0x000000c13b600000,0x000000c13b700000) (1024K)]
  0x000001eb7e289890 JavaThread "C1 CompilerThread0"         daemon [_thread_blocked, id=11100, stack(0x000000c13b700000,0x000000c13b800000) (1024K)]
  0x000001eb6bf4e9c0 JavaThread "Common-Cleaner"             daemon [_thread_blocked, id=11156, stack(0x000000c13b800000,0x000000c13b900000) (1024K)]
  0x000001eb7f1fdf80 JavaThread "Notification Thread"        daemon [_thread_blocked, id=11128, stack(0x000000c13b900000,0x000000c13ba00000) (1024K)]
  0x000001eb7fa77150 JavaThread "Active Thread: Equinox Container: bd381ab2-7a06-45ce-8a82-186227c8d35b"        [_thread_blocked, id=26032, stack(0x000000c13bd00000,0x000000c13be00000) (1024K)]
  0x000001eb7f8388e0 JavaThread "Framework Event Dispatcher: Equinox Container: bd381ab2-7a06-45ce-8a82-186227c8d35b" daemon [_thread_blocked, id=24172, stack(0x000000c13be00000,0x000000c13bf00000) (1024K)]
  0x000001eb7f7386d0 JavaThread "Start Level: Equinox Container: bd381ab2-7a06-45ce-8a82-186227c8d35b" daemon [_thread_blocked, id=4992, stack(0x000000c13bf00000,0x000000c13c000000) (1024K)]
  0x000001eb7f734640 JavaThread "SCR Component Actor"        daemon [_thread_blocked, id=28604, stack(0x000000c13c000000,0x000000c13c100000) (1024K)]
  0x000001eb7f721120 JavaThread "Worker-JM"                         [_thread_blocked, id=27640, stack(0x000000c13c200000,0x000000c13c300000) (1024K)]
  0x000001eb7fb97d50 JavaThread "JNA Cleaner"                daemon [_thread_blocked, id=22252, stack(0x000000c13c300000,0x000000c13c400000) (1024K)]
  0x000001eb7f6a7690 JavaThread "Worker-0"                          [_thread_blocked, id=27784, stack(0x000000c13c400000,0x000000c13c500000) (1024K)]
  0x000001eb7f986f90 JavaThread "Worker-1"                          [_thread_blocked, id=25840, stack(0x000000c13c500000,0x000000c13c600000) (1024K)]
  0x000001eb7f986270 JavaThread "Thread-2"                   daemon [_thread_in_native, id=19452, stack(0x000000c13c600000,0x000000c13c700000) (1024K)]
  0x000001eb7f987620 JavaThread "Thread-3"                   daemon [_thread_in_native, id=24316, stack(0x000000c13c700000,0x000000c13c800000) (1024K)]
  0x000001eb7f987cb0 JavaThread "Thread-4"                   daemon [_thread_in_native, id=9840, stack(0x000000c13c800000,0x000000c13c900000) (1024K)]
  0x000001eb7f986900 JavaThread "Thread-5"                   daemon [_thread_in_native, id=17480, stack(0x000000c13c900000,0x000000c13ca00000) (1024K)]
  0x000001eb7f988340 JavaThread "Thread-6"                   daemon [_thread_in_native, id=17872, stack(0x000000c13ca00000,0x000000c13cb00000) (1024K)]
  0x000001eb7f9889d0 JavaThread "pool-2-thread-1"                   [_thread_blocked, id=26284, stack(0x000000c13cb00000,0x000000c13cc00000) (1024K)]
  0x000001eb7f985550 JavaThread "Worker-2"                          [_thread_blocked, id=7352, stack(0x000000c13cc00000,0x000000c13cd00000) (1024K)]
  0x000001eb7f985be0 JavaThread "WorkspaceEventsHandler"            [_thread_blocked, id=25072, stack(0x000000c13cd00000,0x000000c13ce00000) (1024K)]
  0x000001eb47da5080 JavaThread "pool-1-thread-1"                   [_thread_in_vm, id=5280, stack(0x000000c13ce00000,0x000000c13cf00000) (1024K)]
  0x000001eb47da7e70 JavaThread "ForkJoinPool.commonPool-worker-1" daemon [_thread_blocked, id=28512, stack(0x000000c13cf00000,0x000000c13d000000) (1024K)]
  0x000001eb47da6430 JavaThread "ForkJoinPool.commonPool-worker-2" daemon [_thread_in_Java, id=19992, stack(0x000000c13d000000,0x000000c13d100000) (1024K)]
  0x000001eb47da5710 JavaThread "ForkJoinPool.commonPool-worker-3" daemon [_thread_in_vm, id=28252, stack(0x000000c13d100000,0x000000c13d200000) (1024K)]
Total: 31

Other Threads:
  0x000001eb7e1fe120 VMThread "VM Thread"                           [id=26560, stack(0x000000c13af00000,0x000000c13b000000) (1024K)]
  0x000001eb7e1bcb20 WatcherThread "VM Periodic Task Thread"        [id=27268, stack(0x000000c13ae00000,0x000000c13af00000) (1024K)]
  0x000001eb6bf01630 WorkerThread "GC Thread#0"                     [id=21280, stack(0x000000c13ad00000,0x000000c13ae00000) (1024K)]
  0x000001eb7f90ec80 WorkerThread "GC Thread#1"                     [id=26552, stack(0x000000c13ba00000,0x000000c13bb00000) (1024K)]
  0x000001eb7f81e4f0 WorkerThread "GC Thread#2"                     [id=10952, stack(0x000000c13bb00000,0x000000c13bc00000) (1024K)]
  0x000001eb7f808810 WorkerThread "GC Thread#3"                     [id=12928, stack(0x000000c13bc00000,0x000000c13bd00000) (1024K)]
Total: 6

Threads with active compile tasks:
C2 CompilerThread0  58719 4160       4       org.eclipse.osgi.internal.loader.ModuleClassLoader::toString (80 bytes)
Total: 1

VM state: not at safepoint (normal execution)

VM Mutex/Monitor currently owned by a thread: None

Heap address: 0x00000000c0000000, size: 1024 MB, Compressed Oops mode: 32-bit

CDS archive(s) mapped at: [0x000001eb02000000-0x000001eb02ba0000-0x000001eb02ba0000), size 12189696, SharedBaseAddress: 0x000001eb02000000, ArchiveRelocationMode: 1.
Compressed class space mapped at: 0x000001eb03000000-0x000001eb43000000, reserved size: 1073741824
Narrow klass base: 0x000001eb02000000, Narrow klass shift: 0, Narrow klass range: 0x100000000

GC Precious Log:
 CardTable entry size: 512
 CPUs: 4 total, 4 available
 Memory: 3995M
 Large Page Support: Disabled
 NUMA Support: Disabled
 Compressed Oops: Enabled (32-bit)
 Alignments: Space 512K, Generation 512K, Heap 2M
 Heap Min Capacity: 100M
 Heap Initial Capacity: 100M
 Heap Max Capacity: 1G
 Pre-touch: Disabled
 Parallel Workers: 4

Heap:
 PSYoungGen      total 27136K, used 17281K [0x00000000eab00000, 0x00000000ecb00000, 0x0000000100000000)
  eden space 23040K, 58% used [0x00000000eab00000,0x00000000eb82b848,0x00000000ec180000)
  from space 4096K, 92% used [0x00000000ec700000,0x00000000ecab4f58,0x00000000ecb00000)
  to   space 4096K, 0% used [0x00000000ec300000,0x00000000ec300000,0x00000000ec700000)
 ParOldGen       total 68608K, used 12827K [0x00000000c0000000, 0x00000000c4300000, 0x00000000eab00000)
  object space 68608K, 18% used [0x00000000c0000000,0x00000000c0c86fa8,0x00000000c4300000)
 Metaspace       used 31893K, committed 32832K, reserved 1114112K
  class space    used 3134K, committed 3520K, reserved 1048576K

Card table byte_map: [0x000001eb6b8a0000,0x000001eb6bab0000] _byte_map_base: 0x000001eb6b2a0000

Marking Bits: (ParMarkBitMap*) 0x00007ffc70233260
 Begin Bits: [0x000001eb00000000, 0x000001eb01000000)
 End Bits:   [0x000001eb01000000, 0x000001eb02000000)

Polling page: 0x000001eb69f60000

Metaspace:

Usage:
  Non-class:     28.08 MB used.
      Class:      3.06 MB used.
       Both:     31.15 MB used.

Virtual space:
  Non-class space:       64.00 MB reserved,      28.62 MB ( 45%) committed,  1 nodes.
      Class space:        1.00 GB reserved,       3.44 MB ( <1%) committed,  1 nodes.
             Both:        1.06 GB reserved,      32.06 MB (  3%) committed. 

Chunk freelists:
   Non-Class:  2.48 MB
       Class:  12.58 MB
        Both:  15.06 MB

MaxMetaspaceSize: unlimited
CompressedClassSpaceSize: 1.00 GB
Initial GC threshold: 21.00 MB
Current GC threshold: 35.00 MB
CDS: on
 - commit_granule_bytes: 65536.
 - commit_granule_words: 8192.
 - virtual_space_node_default_size: 8388608.
 - enlarge_chunks_in_place: 1.
 - use_allocation_guard: 0.


Internal statistics:

num_allocs_failed_limit: 3.
num_arena_births: 722.
num_arena_deaths: 14.
num_vsnodes_births: 2.
num_vsnodes_deaths: 0.
num_space_committed: 513.
num_space_uncommitted: 0.
num_chunks_returned_to_freelist: 17.
num_chunks_taken_from_freelist: 2016.
num_chunk_merges: 9.
num_chunk_splits: 1290.
num_chunks_enlarged: 793.
num_inconsistent_stats: 0.

CodeHeap 'non-profiled nmethods': size=120000Kb used=1988Kb max_used=1988Kb free=118011Kb
 bounds [0x000001eb76bb0000, 0x000001eb76e20000, 0x000001eb7e0e0000]
CodeHeap 'profiled nmethods': size=120000Kb used=8145Kb max_used=8145Kb free=111854Kb
 bounds [0x000001eb6f0e0000, 0x000001eb6f8e0000, 0x000001eb76610000]
CodeHeap 'non-nmethods': size=5760Kb used=1352Kb max_used=1400Kb free=4407Kb
 bounds [0x000001eb76610000, 0x000001eb76880000, 0x000001eb76bb0000]
 total_blobs=4811 nmethods=4161 adapters=556
 compilation: enabled
              stopped_count=0, restarted_count=0
 full_count=0

Compilation events (20 events):
Event: 58.519 Thread 0x000001eb7e289890 nmethod 4152 0x000001eb6f8c3110 code [0x000001eb6f8c3320, 0x000001eb6f8c3920]
Event: 58.520 Thread 0x000001eb7e2125f0 4153       4       java.lang.invoke.MethodType::checkPtypes (76 bytes)
Event: 58.525 Thread 0x000001eb7e2125f0 nmethod 4153 0x000001eb76da0a90 code [0x000001eb76da0c20, 0x000001eb76da0d80]
Event: 58.530 Thread 0x000001eb7e289890 4154       1       org.eclipse.jdt.internal.core.JavaElement::getParent (5 bytes)
Event: 58.530 Thread 0x000001eb7e289890 nmethod 4154 0x000001eb76da0f10 code [0x000001eb76da10a0, 0x000001eb76da1168]
Event: 58.530 Thread 0x000001eb7e289890 4155       3       java.lang.invoke.ConstantCallSite::<init> (17 bytes)
Event: 58.531 Thread 0x000001eb7e289890 nmethod 4155 0x000001eb6f8c3a90 code [0x000001eb6f8c3c80, 0x000001eb6f8c4178]
Event: 58.531 Thread 0x000001eb7e289890 4156       3       java.lang.invoke.BootstrapMethodInvoker::widenAndCast (47 bytes)
Event: 58.532 Thread 0x000001eb7e289890 nmethod 4156 0x000001eb6f8c4390 code [0x000001eb6f8c4600, 0x000001eb6f8c4f30]
Event: 58.532 Thread 0x000001eb7e289890 4157       3       java.lang.invoke.Invokers::callSiteForm (297 bytes)
Event: 58.534 Thread 0x000001eb7e289890 nmethod 4157 0x000001eb6f8c5210 code [0x000001eb6f8c5520, 0x000001eb6f8c67d8]
Event: 58.534 Thread 0x000001eb7e289890 4158   !   3       java.lang.invoke.BootstrapMethodInvoker::invoke (974 bytes)
Event: 58.546 Thread 0x000001eb7e289890 nmethod 4158 0x000001eb6f8c7090 code [0x000001eb6f8c79a0, 0x000001eb6f8cf178]
Event: 58.547 Thread 0x000001eb7e289890 4159       3       java.util.Collections$EmptySet::iterator (4 bytes)
Event: 58.547 Thread 0x000001eb7e289890 nmethod 4159 0x000001eb6f8d2910 code [0x000001eb6f8d2ac0, 0x000001eb6f8d2c30]
Event: 58.572 Thread 0x000001eb7e2125f0 4160       4       org.eclipse.osgi.internal.loader.ModuleClassLoader::toString (80 bytes)
Event: 58.595 Thread 0x000001eb7e289890 4161       3       org.eclipse.jdt.internal.compiler.classfmt.ClassFileStruct::u1At (16 bytes)
Event: 58.595 Thread 0x000001eb7e289890 nmethod 4161 0x000001eb6f8d2d10 code [0x000001eb6f8d2ec0, 0x000001eb6f8d3000]
Event: 58.598 Thread 0x000001eb7e289890 4162       3       org.eclipse.jdt.internal.compiler.classfmt.ClassFileStruct::u2At (35 bytes)
Event: 58.598 Thread 0x000001eb7e289890 nmethod 4162 0x000001eb6f8d3110 code [0x000001eb6f8d32c0, 0x000001eb6f8d3430]

GC Heap History (20 events):
Event: 5.686 GC heap before
{Heap before GC invocations=2 (full 0):
 PSYoungGen      total 29696K, used 28805K [0x00000000eab00000, 0x00000000ecc00000, 0x0000000100000000)
  eden space 25600K, 100% used [0x00000000eab00000,0x00000000ec400000,0x00000000ec400000)
  from space 4096K, 78% used [0x00000000ec400000,0x00000000ec7217f0,0x00000000ec800000)
  to   space 4096K, 0% used [0x00000000ec800000,0x00000000ec800000,0x00000000ecc00000)
 ParOldGen       total 68608K, used 16K [0x00000000c0000000, 0x00000000c4300000, 0x00000000eab00000)
  object space 68608K, 0% used [0x00000000c0000000,0x00000000c0004000,0x00000000c4300000)
 Metaspace       used 8123K, committed 8448K, reserved 1114112K
  class space    used 804K, committed 960K, reserved 1048576K
}
Event: 5.698 GC heap after
{Heap after GC invocations=2 (full 0):
 PSYoungGen      total 29696K, used 4091K [0x00000000eab00000, 0x00000000ecc00000, 0x0000000100000000)
  eden space 25600K, 0% used [0x00000000eab00000,0x00000000eab00000,0x00000000ec400000)
  from space 4096K, 99% used [0x00000000ec800000,0x00000000ecbfefd0,0x00000000ecc00000)
  to   space 4096K, 0% used [0x00000000ec400000,0x00000000ec400000,0x00000000ec800000)
 ParOldGen       total 68608K, used 858K [0x00000000c0000000, 0x00000000c4300000, 0x00000000eab00000)
  object space 68608K, 1% used [0x00000000c0000000,0x00000000c00d69d0,0x00000000c4300000)
 Metaspace       used 8123K, committed 8448K, reserved 1114112K
  class space    used 804K, committed 960K, reserved 1048576K
}
Event: 7.254 GC heap before
{Heap before GC invocations=3 (full 0):
 PSYoungGen      total 29696K, used 29691K [0x00000000eab00000, 0x00000000ecc00000, 0x0000000100000000)
  eden space 25600K, 100% used [0x00000000eab00000,0x00000000ec400000,0x00000000ec400000)
  from space 4096K, 99% used [0x00000000ec800000,0x00000000ecbfefd0,0x00000000ecc00000)
  to   space 4096K, 0% used [0x00000000ec400000,0x00000000ec400000,0x00000000ec800000)
 ParOldGen       total 68608K, used 858K [0x00000000c0000000, 0x00000000c4300000, 0x00000000eab00000)
  object space 68608K, 1% used [0x00000000c0000000,0x00000000c00d69d0,0x00000000c4300000)
 Metaspace       used 12898K, committed 13440K, reserved 1114112K
  class space    used 1296K, committed 1536K, reserved 1048576K
}
Event: 7.267 GC heap after
{Heap after GC invocations=3 (full 0):
 PSYoungGen      total 29696K, used 4067K [0x00000000eab00000, 0x00000000ecc00000, 0x0000000100000000)
  eden space 25600K, 0% used [0x00000000eab00000,0x00000000eab00000,0x00000000ec400000)
  from space 4096K, 99% used [0x00000000ec400000,0x00000000ec7f8eb8,0x00000000ec800000)
  to   space 4096K, 0% used [0x00000000ec800000,0x00000000ec800000,0x00000000ecc00000)
 ParOldGen       total 68608K, used 2764K [0x00000000c0000000, 0x00000000c4300000, 0x00000000eab00000)
  object space 68608K, 4% used [0x00000000c0000000,0x00000000c02b30a8,0x00000000c4300000)
 Metaspace       used 12898K, committed 13440K, reserved 1114112K
  class space    used 1296K, committed 1536K, reserved 1048576K
}
Event: 11.131 GC heap before
{Heap before GC invocations=4 (full 0):
 PSYoungGen      total 29696K, used 29667K [0x00000000eab00000, 0x00000000ecc00000, 0x0000000100000000)
  eden space 25600K, 100% used [0x00000000eab00000,0x00000000ec400000,0x00000000ec400000)
  from space 4096K, 99% used [0x00000000ec400000,0x00000000ec7f8eb8,0x00000000ec800000)
  to   space 4096K, 0% used [0x00000000ec800000,0x00000000ec800000,0x00000000ecc00000)
 ParOldGen       total 68608K, used 2764K [0x00000000c0000000, 0x00000000c4300000, 0x00000000eab00000)
  object space 68608K, 4% used [0x00000000c0000000,0x00000000c02b30a8,0x00000000c4300000)
 Metaspace       used 16984K, committed 17664K, reserved 1114112K
  class space    used 1704K, committed 1984K, reserved 1048576K
}
Event: 11.139 GC heap after
{Heap after GC invocations=4 (full 0):
 PSYoungGen      total 29696K, used 4077K [0x00000000eab00000, 0x00000000ecc00000, 0x0000000100000000)
  eden space 25600K, 0% used [0x00000000eab00000,0x00000000eab00000,0x00000000ec400000)
  from space 4096K, 99% used [0x00000000ec800000,0x00000000ecbfb6a0,0x00000000ecc00000)
  to   space 4096K, 0% used [0x00000000ec400000,0x00000000ec400000,0x00000000ec800000)
 ParOldGen       total 68608K, used 5580K [0x00000000c0000000, 0x00000000c4300000, 0x00000000eab00000)
  object space 68608K, 8% used [0x00000000c0000000,0x00000000c0573358,0x00000000c4300000)
 Metaspace       used 16984K, committed 17664K, reserved 1114112K
  class space    used 1704K, committed 1984K, reserved 1048576K
}
Event: 12.251 GC heap before
{Heap before GC invocations=5 (full 0):
 PSYoungGen      total 29696K, used 29606K [0x00000000eab00000, 0x00000000ecc00000, 0x0000000100000000)
  eden space 25600K, 99% used [0x00000000eab00000,0x00000000ec3ee540,0x00000000ec400000)
  from space 4096K, 99% used [0x00000000ec800000,0x00000000ecbfb6a0,0x00000000ecc00000)
  to   space 4096K, 0% used [0x00000000ec400000,0x00000000ec400000,0x00000000ec800000)
 ParOldGen       total 68608K, used 5580K [0x00000000c0000000, 0x00000000c4300000, 0x00000000eab00000)
  object space 68608K, 8% used [0x00000000c0000000,0x00000000c0573358,0x00000000c4300000)
 Metaspace       used 20342K, committed 21056K, reserved 1114112K
  class space    used 1942K, committed 2240K, reserved 1048576K
}
Event: 12.260 GC heap after
{Heap after GC invocations=5 (full 0):
 PSYoungGen      total 29184K, used 4087K [0x00000000eab00000, 0x00000000ece80000, 0x0000000100000000)
  eden space 25088K, 0% used [0x00000000eab00000,0x00000000eab00000,0x00000000ec380000)
  from space 4096K, 99% used [0x00000000ec400000,0x00000000ec7fdec0,0x00000000ec800000)
  to   space 5632K, 0% used [0x00000000ec900000,0x00000000ec900000,0x00000000ece80000)
 ParOldGen       total 68608K, used 5972K [0x00000000c0000000, 0x00000000c4300000, 0x00000000eab00000)
  object space 68608K, 8% used [0x00000000c0000000,0x00000000c05d5290,0x00000000c4300000)
 Metaspace       used 20342K, committed 21056K, reserved 1114112K
  class space    used 1942K, committed 2240K, reserved 1048576K
}
Event: 12.392 GC heap before
{Heap before GC invocations=6 (full 0):
 PSYoungGen      total 29184K, used 9256K [0x00000000eab00000, 0x00000000ece80000, 0x0000000100000000)
  eden space 25088K, 20% used [0x00000000eab00000,0x00000000eb00c1e0,0x00000000ec380000)
  from space 4096K, 99% used [0x00000000ec400000,0x00000000ec7fdec0,0x00000000ec800000)
  to   space 5632K, 0% used [0x00000000ec900000,0x00000000ec900000,0x00000000ece80000)
 ParOldGen       total 68608K, used 5972K [0x00000000c0000000, 0x00000000c4300000, 0x00000000eab00000)
  object space 68608K, 8% used [0x00000000c0000000,0x00000000c05d5290,0x00000000c4300000)
 Metaspace       used 20889K, committed 21504K, reserved 1114112K
  class space    used 1976K, committed 2240K, reserved 1048576K
}
Event: 12.400 GC heap after
{Heap after GC invocations=6 (full 0):
 PSYoungGen      total 29696K, used 4134K [0x00000000eab00000, 0x00000000ecd80000, 0x0000000100000000)
  eden space 25088K, 0% used [0x00000000eab00000,0x00000000eab00000,0x00000000ec380000)
  from space 4608K, 89% used [0x00000000ec900000,0x00000000ecd09838,0x00000000ecd80000)
  to   space 4608K, 0% used [0x00000000ec480000,0x00000000ec480000,0x00000000ec900000)
 ParOldGen       total 68608K, used 5972K [0x00000000c0000000, 0x00000000c4300000, 0x00000000eab00000)
  object space 68608K, 8% used [0x00000000c0000000,0x00000000c05d5290,0x00000000c4300000)
 Metaspace       used 20889K, committed 21504K, reserved 1114112K
  class space    used 1976K, committed 2240K, reserved 1048576K
}
Event: 12.400 GC heap before
{Heap before GC invocations=7 (full 1):
 PSYoungGen      total 29696K, used 4134K [0x00000000eab00000, 0x00000000ecd80000, 0x0000000100000000)
  eden space 25088K, 0% used [0x00000000eab00000,0x00000000eab00000,0x00000000ec380000)
  from space 4608K, 89% used [0x00000000ec900000,0x00000000ecd09838,0x00000000ecd80000)
  to   space 4608K, 0% used [0x00000000ec480000,0x00000000ec480000,0x00000000ec900000)
 ParOldGen       total 68608K, used 5972K [0x00000000c0000000, 0x00000000c4300000, 0x00000000eab00000)
  object space 68608K, 8% used [0x00000000c0000000,0x00000000c05d5290,0x00000000c4300000)
 Metaspace       used 20889K, committed 21504K, reserved 1114112K
  class space    used 1976K, committed 2240K, reserved 1048576K
}
Event: 12.471 GC heap after
{Heap after GC invocations=7 (full 1):
 PSYoungGen      total 29696K, used 0K [0x00000000eab00000, 0x00000000ecd80000, 0x0000000100000000)
  eden space 25088K, 0% used [0x00000000eab00000,0x00000000eab00000,0x00000000ec380000)
  from space 4608K, 0% used [0x00000000ec900000,0x00000000ec900000,0x00000000ecd80000)
  to   space 4608K, 0% used [0x00000000ec480000,0x00000000ec480000,0x00000000ec900000)
 ParOldGen       total 68608K, used 8318K [0x00000000c0000000, 0x00000000c4300000, 0x00000000eab00000)
  object space 68608K, 12% used [0x00000000c0000000,0x00000000c081fb60,0x00000000c4300000)
 Metaspace       used 20876K, committed 21504K, reserved 1114112K
  class space    used 1973K, committed 2240K, reserved 1048576K
}
Event: 13.651 GC heap before
{Heap before GC invocations=8 (full 1):
 PSYoungGen      total 29696K, used 25088K [0x00000000eab00000, 0x00000000ecd80000, 0x0000000100000000)
  eden space 25088K, 100% used [0x00000000eab00000,0x00000000ec380000,0x00000000ec380000)
  from space 4608K, 0% used [0x00000000ec900000,0x00000000ec900000,0x00000000ecd80000)
  to   space 4608K, 0% used [0x00000000ec480000,0x00000000ec480000,0x00000000ec900000)
 ParOldGen       total 68608K, used 8318K [0x00000000c0000000, 0x00000000c4300000, 0x00000000eab00000)
  object space 68608K, 12% used [0x00000000c0000000,0x00000000c081fb60,0x00000000c4300000)
 Metaspace       used 22826K, committed 23552K, reserved 1114112K
  class space    used 2125K, committed 2432K, reserved 1048576K
}
Event: 13.653 GC heap after
{Heap after GC invocations=8 (full 1):
 PSYoungGen      total 27648K, used 2583K [0x00000000eab00000, 0x00000000eca00000, 0x0000000100000000)
  eden space 24576K, 0% used [0x00000000eab00000,0x00000000eab00000,0x00000000ec300000)
  from space 3072K, 84% used [0x00000000ec480000,0x00000000ec705e50,0x00000000ec780000)
  to   space 2560K, 0% used [0x00000000ec780000,0x00000000ec780000,0x00000000eca00000)
 ParOldGen       total 68608K, used 8326K [0x00000000c0000000, 0x00000000c4300000, 0x00000000eab00000)
  object space 68608K, 12% used [0x00000000c0000000,0x00000000c0821b60,0x00000000c4300000)
 Metaspace       used 22826K, committed 23552K, reserved 1114112K
  class space    used 2125K, committed 2432K, reserved 1048576K
}
Event: 14.918 GC heap before
{Heap before GC invocations=9 (full 1):
 PSYoungGen      total 27648K, used 27159K [0x00000000eab00000, 0x00000000eca00000, 0x0000000100000000)
  eden space 24576K, 100% used [0x00000000eab00000,0x00000000ec300000,0x00000000ec300000)
  from space 3072K, 84% used [0x00000000ec480000,0x00000000ec705e50,0x00000000ec780000)
  to   space 2560K, 0% used [0x00000000ec780000,0x00000000ec780000,0x00000000eca00000)
 ParOldGen       total 68608K, used 8326K [0x00000000c0000000, 0x00000000c4300000, 0x00000000eab00000)
  object space 68608K, 12% used [0x00000000c0000000,0x00000000c0821b60,0x00000000c4300000)
 Metaspace       used 26598K, committed 27392K, reserved 1114112K
  class space    used 2534K, committed 2816K, reserved 1048576K
}
Event: 14.926 GC heap after
{Heap after GC invocations=9 (full 1):
 PSYoungGen      total 26624K, used 2550K [0x00000000eab00000, 0x00000000ecc80000, 0x0000000100000000)
  eden space 24064K, 0% used [0x00000000eab00000,0x00000000eab00000,0x00000000ec280000)
  from space 2560K, 99% used [0x00000000ec780000,0x00000000ec9fd938,0x00000000eca00000)
  to   space 5120K, 0% used [0x00000000ec280000,0x00000000ec280000,0x00000000ec780000)
 ParOldGen       total 68608K, used 10334K [0x00000000c0000000, 0x00000000c4300000, 0x00000000eab00000)
  object space 68608K, 15% used [0x00000000c0000000,0x00000000c0a17820,0x00000000c4300000)
 Metaspace       used 26598K, committed 27392K, reserved 1114112K
  class space    used 2534K, committed 2816K, reserved 1048576K
}
Event: 53.614 GC heap before
{Heap before GC invocations=10 (full 1):
 PSYoungGen      total 26624K, used 26614K [0x00000000eab00000, 0x00000000ecc80000, 0x0000000100000000)
  eden space 24064K, 100% used [0x00000000eab00000,0x00000000ec280000,0x00000000ec280000)
  from space 2560K, 99% used [0x00000000ec780000,0x00000000ec9fd938,0x00000000eca00000)
  to   space 5120K, 0% used [0x00000000ec280000,0x00000000ec280000,0x00000000ec780000)
 ParOldGen       total 68608K, used 10334K [0x00000000c0000000, 0x00000000c4300000, 0x00000000eab00000)
  object space 68608K, 15% used [0x00000000c0000000,0x00000000c0a17820,0x00000000c4300000)
 Metaspace       used 30216K, committed 31104K, reserved 1114112K
  class space    used 2946K, committed 3328K, reserved 1048576K
}
Event: 53.657 GC heap after
{Heap after GC invocations=10 (full 1):
 PSYoungGen      total 28160K, used 4114K [0x00000000eab00000, 0x00000000ecb00000, 0x0000000100000000)
  eden space 23552K, 0% used [0x00000000eab00000,0x00000000eab00000,0x00000000ec200000)
  from space 4608K, 89% used [0x00000000ec280000,0x00000000ec684b58,0x00000000ec700000)
  to   space 4096K, 0% used [0x00000000ec700000,0x00000000ec700000,0x00000000ecb00000)
 ParOldGen       total 68608K, used 10342K [0x00000000c0000000, 0x00000000c4300000, 0x00000000eab00000)
  object space 68608K, 15% used [0x00000000c0000000,0x00000000c0a19820,0x00000000c4300000)
 Metaspace       used 30216K, committed 31104K, reserved 1114112K
  class space    used 2946K, committed 3328K, reserved 1048576K
}
Event: 57.338 GC heap before
{Heap before GC invocations=11 (full 1):
 PSYoungGen      total 28160K, used 27666K [0x00000000eab00000, 0x00000000ecb00000, 0x0000000100000000)
  eden space 23552K, 100% used [0x00000000eab00000,0x00000000ec200000,0x00000000ec200000)
  from space 4608K, 89% used [0x00000000ec280000,0x00000000ec684b58,0x00000000ec700000)
  to   space 4096K, 0% used [0x00000000ec700000,0x00000000ec700000,0x00000000ecb00000)
 ParOldGen       total 68608K, used 10342K [0x00000000c0000000, 0x00000000c4300000, 0x00000000eab00000)
  object space 68608K, 15% used [0x00000000c0000000,0x00000000c0a19820,0x00000000c4300000)
 Metaspace       used 31484K, committed 32384K, reserved 1114112K
  class space    used 3066K, committed 3456K, reserved 1048576K
}
Event: 57.359 GC heap after
{Heap after GC invocations=11 (full 1):
 PSYoungGen      total 27136K, used 3795K [0x00000000eab00000, 0x00000000ecb00000, 0x0000000100000000)
  eden space 23040K, 0% used [0x00000000eab00000,0x00000000eab00000,0x00000000ec180000)
  from space 4096K, 92% used [0x00000000ec700000,0x00000000ecab4f58,0x00000000ecb00000)
  to   space 4096K, 0% used [0x00000000ec300000,0x00000000ec300000,0x00000000ec700000)
 ParOldGen       total 68608K, used 12827K [0x00000000c0000000, 0x00000000c4300000, 0x00000000eab00000)
  object space 68608K, 18% used [0x00000000c0000000,0x00000000c0c86fa8,0x00000000c4300000)
 Metaspace       used 31484K, committed 32384K, reserved 1114112K
  class space    used 3066K, committed 3456K, reserved 1048576K
}

Dll operation events (10 events):
Event: 0.030 Loaded shared library c:\Users\leone\.vscode\extensions\redhat.java-1.41.1-win32-x64\jre\21.0.6-win32-x86_64\bin\java.dll
Event: 0.388 Loaded shared library c:\Users\leone\.vscode\extensions\redhat.java-1.41.1-win32-x64\jre\21.0.6-win32-x86_64\bin\zip.dll
Event: 0.572 Loaded shared library C:\Users\leone\.vscode\extensions\redhat.java-1.41.1-win32-x64\jre\21.0.6-win32-x86_64\bin\instrument.dll
Event: 0.609 Loaded shared library C:\Users\leone\.vscode\extensions\redhat.java-1.41.1-win32-x64\jre\21.0.6-win32-x86_64\bin\net.dll
Event: 0.631 Loaded shared library C:\Users\leone\.vscode\extensions\redhat.java-1.41.1-win32-x64\jre\21.0.6-win32-x86_64\bin\nio.dll
Event: 0.648 Loaded shared library C:\Users\leone\.vscode\extensions\redhat.java-1.41.1-win32-x64\jre\21.0.6-win32-x86_64\bin\zip.dll
Event: 0.822 Loaded shared library C:\Users\leone\.vscode\extensions\redhat.java-1.41.1-win32-x64\jre\21.0.6-win32-x86_64\bin\jimage.dll
Event: 1.051 Loaded shared library c:\Users\leone\.vscode\extensions\redhat.java-1.41.1-win32-x64\jre\21.0.6-win32-x86_64\bin\verify.dll
Event: 5.552 Loaded shared library C:\Users\leone\AppData\Roaming\Code\User\globalStorage\redhat.java\1.41.1\config_ss_win\org.eclipse.equinox.launcher\org.eclipse.equinox.launcher.win32.win32.x86_64_1.2.1300.v20250331-1702\eclipse_11911.dll
Event: 10.307 Loaded shared library C:\Users\leone\AppData\Local\Temp\jna-102859341\jna15939873138044709142.dll

Deoptimization events (20 events):
Event: 57.920 Thread 0x000001eb47da5710 Uncommon trap: trap_request=0xffffff45 fr.pc=0x000001eb76d7417c relative=0x00000000000011fc
Event: 57.920 Thread 0x000001eb47da5710 Uncommon trap: reason=unstable_if action=reinterpret pc=0x000001eb76d7417c method=org.eclipse.jdt.internal.core.util.Util.splitOn(CLjava/lang/String;II)[Ljava/lang/String; @ 21 c2
Event: 57.920 Thread 0x000001eb47da5710 DEOPT PACKING pc=0x000001eb76d7417c sp=0x000000c13d1fd290
Event: 57.920 Thread 0x000001eb47da5710 DEOPT UNPACKING pc=0x000001eb76663aa2 sp=0x000000c13d1fd258 mode 2
Event: 58.150 Thread 0x000001eb47da5710 Uncommon trap: trap_request=0xffffffc6 fr.pc=0x000001eb76d869e4 relative=0x0000000000000544
Event: 58.150 Thread 0x000001eb47da5710 Uncommon trap: reason=bimorphic_or_optimized_type_check action=maybe_recompile pc=0x000001eb76d869e4 method=java.util.ArrayList.equalsRange(Ljava/util/List;II)Z @ 22 c2
Event: 58.150 Thread 0x000001eb47da5710 DEOPT PACKING pc=0x000001eb76d869e4 sp=0x000000c13d1fd5a0
Event: 58.150 Thread 0x000001eb47da5710 DEOPT UNPACKING pc=0x000001eb76663aa2 sp=0x000000c13d1fd530 mode 2
Event: 58.150 Thread 0x000001eb47da5710 Uncommon trap: trap_request=0xffffff76 fr.pc=0x000001eb76d868ec relative=0x000000000000044c
Event: 58.150 Thread 0x000001eb47da5710 Uncommon trap: reason=predicate action=maybe_recompile pc=0x000001eb76d868ec method=java.util.ArrayList.equalsRange(Ljava/util/List;II)Z @ 31 c2
Event: 58.151 Thread 0x000001eb47da5710 DEOPT PACKING pc=0x000001eb76d868ec sp=0x000000c13d1fd5b0
Event: 58.151 Thread 0x000001eb47da5710 DEOPT UNPACKING pc=0x000001eb76663aa2 sp=0x000000c13d1fd538 mode 2
Event: 58.206 Thread 0x000001eb47da5710 Uncommon trap: trap_request=0xffffff45 fr.pc=0x000001eb76d98104 relative=0x0000000000000564
Event: 58.206 Thread 0x000001eb47da5710 Uncommon trap: reason=unstable_if action=reinterpret pc=0x000001eb76d98104 method=java.util.ArrayList.equalsRange(Ljava/util/List;II)Z @ 76 c2
Event: 58.206 Thread 0x000001eb47da5710 DEOPT PACKING pc=0x000001eb76d98104 sp=0x000000c13d1fd530
Event: 58.206 Thread 0x000001eb47da5710 DEOPT UNPACKING pc=0x000001eb76663aa2 sp=0x000000c13d1fd4d0 mode 2
Event: 58.231 Thread 0x000001eb47da6430 Uncommon trap: trap_request=0xffffff45 fr.pc=0x000001eb76c1df2c relative=0x000000000000010c
Event: 58.231 Thread 0x000001eb47da6430 Uncommon trap: reason=unstable_if action=reinterpret pc=0x000001eb76c1df2c method=jdk.internal.org.objectweb.asm.ByteVector.putShort(I)Ljdk/internal/org/objectweb/asm/ByteVector; @ 13 c2
Event: 58.232 Thread 0x000001eb47da6430 DEOPT PACKING pc=0x000001eb76c1df2c sp=0x000000c13d0fbce0
Event: 58.232 Thread 0x000001eb47da6430 DEOPT UNPACKING pc=0x000001eb76663aa2 sp=0x000000c13d0fbc78 mode 2

Classes loaded (20 events):
Event: 56.104 Loading class java/lang/runtime/ObjectMethods
Event: 56.112 Loading class java/lang/runtime/ObjectMethods done
Event: 56.116 Loading class java/lang/invoke/MethodHandleImpl$Makers
Event: 56.118 Loading class java/lang/invoke/MethodHandleImpl$Makers done
Event: 56.118 Loading class java/lang/invoke/MethodHandleImpl$Makers$1
Event: 56.119 Loading class java/lang/invoke/MethodHandleImpl$Makers$1 done
Event: 56.119 Loading class java/lang/invoke/MethodHandleImpl$Makers$2
Event: 56.119 Loading class java/lang/invoke/MethodHandleImpl$Makers$2 done
Event: 56.119 Loading class java/lang/invoke/MethodHandleImpl$Makers$3
Event: 56.120 Loading class java/lang/invoke/MethodHandleImpl$Makers$3 done
Event: 56.156 Loading class java/lang/runtime/ObjectMethods$1
Event: 56.157 Loading class java/lang/runtime/ObjectMethods$1 done
Event: 58.224 Loading class java/lang/invoke/MethodHandleImpl$CountingWrapper
Event: 58.226 Loading class java/lang/invoke/MethodHandleImpl$CountingWrapper done
Event: 58.365 Loading class java/util/AbstractList$ListItr
Event: 58.366 Loading class java/util/AbstractList$ListItr done
Event: 58.546 Loading class java/nio/channels/Channels$ReadableByteChannelImpl
Event: 58.547 Loading class java/nio/channels/Channels$ReadableByteChannelImpl done
Event: 58.551 Loading class java/nio/channels/NonWritableChannelException
Event: 58.552 Loading class java/nio/channels/NonWritableChannelException done

Classes unloaded (7 events):
Event: 12.433 Thread 0x000001eb7e1fe120 Unloading class 0x000001eb03183400 'java/lang/invoke/LambdaForm$MH+0x000001eb03183400'
Event: 12.433 Thread 0x000001eb7e1fe120 Unloading class 0x000001eb03183000 'java/lang/invoke/LambdaForm$MH+0x000001eb03183000'
Event: 12.433 Thread 0x000001eb7e1fe120 Unloading class 0x000001eb03182c00 'java/lang/invoke/LambdaForm$MH+0x000001eb03182c00'
Event: 12.433 Thread 0x000001eb7e1fe120 Unloading class 0x000001eb03182800 'java/lang/invoke/LambdaForm$MH+0x000001eb03182800'
Event: 12.433 Thread 0x000001eb7e1fe120 Unloading class 0x000001eb03182400 'java/lang/invoke/LambdaForm$BMH+0x000001eb03182400'
Event: 12.433 Thread 0x000001eb7e1fe120 Unloading class 0x000001eb03182000 'java/lang/invoke/LambdaForm$DMH+0x000001eb03182000'
Event: 12.433 Thread 0x000001eb7e1fe120 Unloading class 0x000001eb03180c00 'java/lang/invoke/LambdaForm$DMH+0x000001eb03180c00'

Classes redefined (0 events):
No events

Internal exceptions (20 events):
Event: 56.112 Thread 0x000001eb47da5080 Exception <a 'java/lang/NoSuchMethodError'{0x00000000eb471810}: 'java.lang.Object java.lang.invoke.DirectMethodHandle$Holder.invokeStaticInit(java.lang.Object, java.lang.Object, java.lang.Object, java.lang.Object, java.lang.Object, java.lang.Object, java.lang.Object)'> (0x00000000eb471810) 
thrown [s\src\hotspot\share\interpreter\linkResolver.cpp, line 773]
Event: 56.114 Thread 0x000001eb47da5080 Exception <a 'java/lang/NoSuchMethodError'{0x00000000eb476658}: 'java.lang.Object java.lang.invoke.Invokers$Holder.invoke_MT(java.lang.Object, java.lang.Object, java.lang.Object, java.lang.Object, java.lang.Object, java.lang.Object, java.lang.Object, java.lang.Object, java.lang.Object, java.lang.Object)'> (0x00000000eb476658) 
thrown [s\src\hotspot\share\interpreter\linkResolver.cpp, line 773]
Event: 56.157 Thread 0x000001eb47da6430 Exception <a 'java/lang/NoSuchMethodError'{0x00000000eb52eb20}: 'int java.lang.invoke.DirectMethodHandle$Holder.invokeVirtual(java.lang.Object, java.lang.Object, java.lang.Object)'> (0x00000000eb52eb20) 
thrown [s\src\hotspot\share\interpreter\linkResolver.cpp, line 773]
Event: 56.158 Thread 0x000001eb47da6430 Exception <a 'java/lang/NoSuchMethodError'{0x00000000eb532ec8}: 'int java.lang.invoke.DirectMethodHandle$Holder.invokeStaticInit(java.lang.Object, int, int)'> (0x00000000eb532ec8) 
thrown [s\src\hotspot\share\interpreter\linkResolver.cpp, line 773]
Event: 56.160 Thread 0x000001eb47da6430 Exception <a 'java/lang/NoSuchMethodError'{0x00000000eb53a8b0}: 'int java.lang.invoke.DirectMethodHandle$Holder.invokeStaticInit(java.lang.Object, long, long)'> (0x00000000eb53a8b0) 
thrown [s\src\hotspot\share\interpreter\linkResolver.cpp, line 773]
Event: 56.164 Thread 0x000001eb47da6430 Exception <a 'java/lang/NoSuchMethodError'{0x00000000eb541838}: 'int java.lang.invoke.DirectMethodHandle$Holder.invokeStaticInit(java.lang.Object, float, float)'> (0x00000000eb541838) 
thrown [s\src\hotspot\share\interpreter\linkResolver.cpp, line 773]
Event: 56.169 Thread 0x000001eb47da6430 Exception <a 'java/lang/NoSuchMethodError'{0x00000000eb5487c8}: 'int java.lang.invoke.DirectMethodHandle$Holder.invokeStaticInit(java.lang.Object, double, double)'> (0x00000000eb5487c8) 
thrown [s\src\hotspot\share\interpreter\linkResolver.cpp, line 773]
Event: 56.170 Thread 0x000001eb47da6430 Exception <a 'java/lang/NoSuchMethodError'{0x00000000eb54d260}: 'int java.lang.invoke.DirectMethodHandle$Holder.invokeStatic(java.lang.Object, long)'> (0x00000000eb54d260) 
thrown [s\src\hotspot\share\interpreter\linkResolver.cpp, line 773]
Event: 56.177 Thread 0x000001eb47da5080 Exception <a 'java/lang/NoSuchMethodError'{0x00000000eb50d8d0}: 'int java.lang.invoke.DirectMethodHandle$Holder.invokeSpecial(java.lang.Object, java.lang.Object, int, int)'> (0x00000000eb50d8d0) 
thrown [s\src\hotspot\share\interpreter\linkResolver.cpp, line 773]
Event: 56.180 Thread 0x000001eb47da5710 Exception <a 'java/lang/NoSuchMethodError'{0x00000000eb5754d0}: 'int java.lang.invoke.Invokers$Holder.linkToTargetMethod(java.lang.Object, java.lang.Object)'> (0x00000000eb5754d0) 
thrown [s\src\hotspot\share\interpreter\linkResolver.cpp, line 773]
Event: 56.181 Thread 0x000001eb47da5080 Exception <a 'java/lang/NoSuchMethodError'{0x00000000eb517c00}: 'int java.lang.invoke.Invokers$Holder.linkToTargetMethod(java.lang.Object, java.lang.Object)'> (0x00000000eb517c00) 
thrown [s\src\hotspot\share\interpreter\linkResolver.cpp, line 773]
Event: 56.181 Thread 0x000001eb47da7e70 Exception <a 'java/lang/NoSuchMethodError'{0x00000000eb57c830}: 'int java.lang.invoke.Invokers$Holder.linkToTargetMethod(java.lang.Object, java.lang.Object)'> (0x00000000eb57c830) 
thrown [s\src\hotspot\share\interpreter\linkResolver.cpp, line 773]
Event: 58.219 Thread 0x000001eb47da6430 Exception <a 'java/lang/NoSuchMethodError'{0x00000000eb5a2040}: 'int java.lang.invoke.DirectMethodHandle$Holder.invokeSpecial(java.lang.Object, java.lang.Object, java.lang.Object, java.lang.Object)'> (0x00000000eb5a2040) 
thrown [s\src\hotspot\share\interpreter\linkResolver.cpp, line 773]
Event: 58.221 Thread 0x000001eb47da7e70 Exception <a 'java/lang/NoSuchMethodError'{0x00000000eb5af830}: 'int java.lang.invoke.DirectMethodHandle$Holder.invokeSpecial(java.lang.Object, java.lang.Object, java.lang.Object, java.lang.Object)'> (0x00000000eb5af830) 
thrown [s\src\hotspot\share\interpreter\linkResolver.cpp, line 773]
Event: 58.223 Thread 0x000001eb47da6430 Exception <a 'java/lang/NoSuchMethodError'{0x00000000eb5cb308}: 'java.lang.Object java.lang.invoke.DirectMethodHandle$Holder.invokeStatic(java.lang.Object, int, java.lang.Object, java.lang.Object)'> (0x00000000eb5cb308) 
thrown [s\src\hotspot\share\interpreter\linkResolver.cpp, line 773]
Event: 58.223 Thread 0x000001eb47da5080 Exception <a 'java/lang/NoSuchMethodError'{0x00000000eb5b93c8}: 'java.lang.Object java.lang.invoke.DirectMethodHandle$Holder.invokeStatic(java.lang.Object, int, java.lang.Object, java.lang.Object)'> (0x00000000eb5b93c8) 
thrown [s\src\hotspot\share\interpreter\linkResolver.cpp, line 773]
Event: 58.224 Thread 0x000001eb47da6430 Exception <a 'java/lang/NoSuchMethodError'{0x00000000eb5cedb8}: 'java.lang.Object java.lang.invoke.DelegatingMethodHandle$Holder.delegate(java.lang.Object, int, java.lang.Object, java.lang.Object)'> (0x00000000eb5cedb8) 
thrown [s\src\hotspot\share\interpreter\linkResolver.cpp, line 773]
Event: 58.233 Thread 0x000001eb47da6430 Exception <a 'java/lang/NoSuchMethodError'{0x00000000eb603ef8}: 'int java.lang.invoke.Invokers$Holder.linkToTargetMethod(java.lang.Object, java.lang.Object, java.lang.Object)'> (0x00000000eb603ef8) 
thrown [s\src\hotspot\share\interpreter\linkResolver.cpp, line 773]
Event: 58.233 Thread 0x000001eb47da5080 Exception <a 'java/lang/NoSuchMethodError'{0x00000000eb5c4280}: 'int java.lang.invoke.Invokers$Holder.linkToTargetMethod(java.lang.Object, java.lang.Object, java.lang.Object)'> (0x00000000eb5c4280) 
thrown [s\src\hotspot\share\interpreter\linkResolver.cpp, line 773]
Event: 58.233 Thread 0x000001eb47da7e70 Exception <a 'java/lang/NoSuchMethodError'{0x00000000eb6145d0}: 'int java.lang.invoke.Invokers$Holder.linkToTargetMethod(java.lang.Object, java.lang.Object, java.lang.Object)'> (0x00000000eb6145d0) 
thrown [s\src\hotspot\share\interpreter\linkResolver.cpp, line 773]

ZGC Phase Switch (0 events):
No events

VM Operations (20 events):
Event: 54.024 Executing VM operation: HandshakeAllThreads (Deoptimize)
Event: 54.024 Executing VM operation: HandshakeAllThreads (Deoptimize) done
Event: 54.118 Executing VM operation: HandshakeAllThreads (Deoptimize)
Event: 54.118 Executing VM operation: HandshakeAllThreads (Deoptimize) done
Event: 55.051 Executing VM operation: HandshakeAllThreads (Deoptimize)
Event: 55.051 Executing VM operation: HandshakeAllThreads (Deoptimize) done
Event: 55.051 Executing VM operation: Cleanup
Event: 55.052 Executing VM operation: Cleanup done
Event: 55.052 Executing VM operation: HandshakeAllThreads (Deoptimize)
Event: 55.052 Executing VM operation: HandshakeAllThreads (Deoptimize) done
Event: 56.064 Executing VM operation: Cleanup
Event: 56.081 Executing VM operation: Cleanup done
Event: 56.189 Executing VM operation: HandshakeAllThreads (Deoptimize)
Event: 56.189 Executing VM operation: HandshakeAllThreads (Deoptimize) done
Event: 57.191 Executing VM operation: Cleanup
Event: 57.268 Executing VM operation: Cleanup done
Event: 57.338 Executing VM operation: ParallelGCFailedAllocation (Allocation Failure)
Event: 57.359 Executing VM operation: ParallelGCFailedAllocation (Allocation Failure) done
Event: 58.372 Executing VM operation: Cleanup
Event: 58.467 Executing VM operation: Cleanup done

Memory protections (0 events):
No events

Nmethod flushes (0 events):
No events

Events (20 events):
Event: 6.004 Thread 0x000001eb7f7386d0 Thread added: 0x000001eb7f40e020
Event: 6.931 Thread 0x000001eb7f7386d0 Thread added: 0x000001eb7f721120
Event: 10.370 Thread 0x000001eb7f7386d0 Thread added: 0x000001eb7fb97d50
Event: 10.539 Thread 0x000001eb7f7386d0 Thread added: 0x000001eb7f6a7690
Event: 10.690 Thread 0x000001eb7f7386d0 Thread added: 0x000001eb7f986f90
Event: 13.566 Thread 0x000001eb7f7386d0 Thread added: 0x000001eb7f987cb0
Event: 13.852 Thread 0x000001eb7f987cb0 Thread exited: 0x000001eb7f987cb0
Event: 14.684 Thread 0x000001eb6bee14f0 Thread added: 0x000001eb7f986270
Event: 14.692 Thread 0x000001eb6bee14f0 Thread added: 0x000001eb7f987620
Event: 14.692 Thread 0x000001eb6bee14f0 Thread added: 0x000001eb7f987cb0
Event: 14.692 Thread 0x000001eb6bee14f0 Thread added: 0x000001eb7f986900
Event: 14.693 Thread 0x000001eb6bee14f0 Thread added: 0x000001eb7f988340
Event: 14.750 Thread 0x000001eb6bee14f0 Thread added: 0x000001eb7f9889d0
Event: 15.004 Thread 0x000001eb7f6a7690 Thread added: 0x000001eb7f985550
Event: 15.183 Thread 0x000001eb6bee14f0 Thread added: 0x000001eb7f985be0
Event: 15.184 Thread 0x000001eb6bee14f0 Thread added: 0x000001eb47da5080
Event: 15.824 Thread 0x000001eb7f40e020 Thread exited: 0x000001eb7f40e020
Event: 53.422 Thread 0x000001eb47da5080 Thread added: 0x000001eb47da7e70
Event: 53.451 Thread 0x000001eb47da7e70 Thread added: 0x000001eb47da6430
Event: 53.474 Thread 0x000001eb47da6430 Thread added: 0x000001eb47da5710


Dynamic libraries:
0x00007ff761be0000 - 0x00007ff761bee000 	c:\Users\leone\.vscode\extensions\redhat.java-1.41.1-win32-x64\jre\21.0.6-win32-x86_64\bin\java.exe
0x00007ffcef2d0000 - 0x00007ffcef4c8000 	C:\WINDOWS\SYSTEM32\ntdll.dll
0x00007ffceded0000 - 0x00007ffcedf92000 	C:\WINDOWS\System32\KERNEL32.DLL
0x00007ffcecef0000 - 0x00007ffced1ef000 	C:\WINDOWS\System32\KERNELBASE.dll
0x00007ffced1f0000 - 0x00007ffced2f0000 	C:\WINDOWS\System32\ucrtbase.dll
0x00007ffcc8ff0000 - 0x00007ffcc9008000 	c:\Users\leone\.vscode\extensions\redhat.java-1.41.1-win32-x64\jre\21.0.6-win32-x86_64\bin\jli.dll
0x00007ffced3a0000 - 0x00007ffced53d000 	C:\WINDOWS\System32\USER32.dll
0x00007ffcc8fd0000 - 0x00007ffcc8fee000 	c:\Users\leone\.vscode\extensions\redhat.java-1.41.1-win32-x64\jre\21.0.6-win32-x86_64\bin\VCRUNTIME140.dll
0x00007ffcecad0000 - 0x00007ffcecaf2000 	C:\WINDOWS\System32\win32u.dll
0x00007ffceeee0000 - 0x00007ffceef0b000 	C:\WINDOWS\System32\GDI32.dll
0x00007ffcecb00000 - 0x00007ffcecc1a000 	C:\WINDOWS\System32\gdi32full.dll
0x00007ffcebd30000 - 0x00007ffcebfca000 	C:\WINDOWS\WinSxS\amd64_microsoft.windows.common-controls_6595b64144ccf1df_6.0.19041.4355_none_60b8b9eb71f62e16\COMCTL32.dll
0x00007ffceca30000 - 0x00007ffcecacd000 	C:\WINDOWS\System32\msvcp_win.dll
0x00007ffceef10000 - 0x00007ffceefae000 	C:\WINDOWS\System32\msvcrt.dll
0x00007ffcedd60000 - 0x00007ffcedd8f000 	C:\WINDOWS\System32\IMM32.DLL
0x00007ffcdca40000 - 0x00007ffcdca4c000 	c:\Users\leone\.vscode\extensions\redhat.java-1.41.1-win32-x64\jre\21.0.6-win32-x86_64\bin\vcruntime140_1.dll
0x00007ffcb2b90000 - 0x00007ffcb2c1d000 	c:\Users\leone\.vscode\extensions\redhat.java-1.41.1-win32-x64\jre\21.0.6-win32-x86_64\bin\msvcp140.dll
0x00007ffc6f580000 - 0x00007ffc70310000 	c:\Users\leone\.vscode\extensions\redhat.java-1.41.1-win32-x64\jre\21.0.6-win32-x86_64\bin\server\jvm.dll
0x00007ffcee160000 - 0x00007ffcee20f000 	C:\WINDOWS\System32\ADVAPI32.dll
0x00007ffcee7b0000 - 0x00007ffcee84f000 	C:\WINDOWS\System32\sechost.dll
0x00007ffcedda0000 - 0x00007ffcedec3000 	C:\WINDOWS\System32\RPCRT4.dll
0x00007ffcecd60000 - 0x00007ffcecd87000 	C:\WINDOWS\System32\bcrypt.dll
0x00007ffceefc0000 - 0x00007ffcef02b000 	C:\WINDOWS\System32\WS2_32.dll
0x00007ffcec560000 - 0x00007ffcec5ab000 	C:\WINDOWS\SYSTEM32\POWRPROF.dll
0x00007ffce98d0000 - 0x00007ffce98f7000 	C:\WINDOWS\SYSTEM32\WINMM.dll
0x00007ffce9110000 - 0x00007ffce911a000 	C:\WINDOWS\SYSTEM32\VERSION.dll
0x00007ffcec0c0000 - 0x00007ffcec0d2000 	C:\WINDOWS\SYSTEM32\UMPDC.dll
0x00007ffcea480000 - 0x00007ffcea492000 	C:\WINDOWS\SYSTEM32\kernel.appcore.dll
0x00007ffcd4690000 - 0x00007ffcd469a000 	c:\Users\leone\.vscode\extensions\redhat.java-1.41.1-win32-x64\jre\21.0.6-win32-x86_64\bin\jimage.dll
0x00007ffcec2f0000 - 0x00007ffcec4d4000 	C:\WINDOWS\SYSTEM32\DBGHELP.DLL
0x00007ffcec100000 - 0x00007ffcec134000 	C:\WINDOWS\SYSTEM32\dbgcore.DLL
0x00007ffcecc20000 - 0x00007ffcecca2000 	C:\WINDOWS\System32\bcryptPrimitives.dll
0x00007ffcd3420000 - 0x00007ffcd342f000 	c:\Users\leone\.vscode\extensions\redhat.java-1.41.1-win32-x64\jre\21.0.6-win32-x86_64\bin\instrument.dll
0x00007ffcc7c30000 - 0x00007ffcc7c4f000 	c:\Users\leone\.vscode\extensions\redhat.java-1.41.1-win32-x64\jre\21.0.6-win32-x86_64\bin\java.dll
0x00007ffced5d0000 - 0x00007ffcedd3d000 	C:\WINDOWS\System32\SHELL32.dll
0x00007ffce9cc0000 - 0x00007ffcea464000 	C:\WINDOWS\SYSTEM32\windows.storage.dll
0x00007ffcee210000 - 0x00007ffcee565000 	C:\WINDOWS\System32\combase.dll
0x00007ffcebc90000 - 0x00007ffcebcbb000 	C:\WINDOWS\SYSTEM32\Wldp.dll
0x00007ffcedfa0000 - 0x00007ffcee06d000 	C:\WINDOWS\System32\OLEAUT32.dll
0x00007ffced2f0000 - 0x00007ffced39d000 	C:\WINDOWS\System32\SHCORE.dll
0x00007ffcee6a0000 - 0x00007ffcee6f5000 	C:\WINDOWS\System32\shlwapi.dll
0x00007ffcec8a0000 - 0x00007ffcec8c5000 	C:\WINDOWS\SYSTEM32\profapi.dll
0x00007ffcc4da0000 - 0x00007ffcc4db8000 	c:\Users\leone\.vscode\extensions\redhat.java-1.41.1-win32-x64\jre\21.0.6-win32-x86_64\bin\zip.dll
0x00007ffcd2770000 - 0x00007ffcd2780000 	C:\Users\leone\.vscode\extensions\redhat.java-1.41.1-win32-x64\jre\21.0.6-win32-x86_64\bin\net.dll
0x00007ffcdf180000 - 0x00007ffcdf28a000 	C:\WINDOWS\SYSTEM32\WINHTTP.dll
0x00007ffcebb60000 - 0x00007ffcebbcc000 	C:\WINDOWS\system32\mswsock.dll
0x00007ffcc6cd0000 - 0x00007ffcc6ce6000 	C:\Users\leone\.vscode\extensions\redhat.java-1.41.1-win32-x64\jre\21.0.6-win32-x86_64\bin\nio.dll
0x00007ffcd2050000 - 0x00007ffcd2060000 	c:\Users\leone\.vscode\extensions\redhat.java-1.41.1-win32-x64\jre\21.0.6-win32-x86_64\bin\verify.dll
0x00007ffcbfce0000 - 0x00007ffcbfd25000 	C:\Users\leone\AppData\Roaming\Code\User\globalStorage\redhat.java\1.41.1\config_ss_win\org.eclipse.equinox.launcher\org.eclipse.equinox.launcher.win32.win32.x86_64_1.2.1300.v20250331-1702\eclipse_11911.dll
0x00007ffcee570000 - 0x00007ffcee69b000 	C:\WINDOWS\System32\ole32.dll
0x00007ffcec6e0000 - 0x00007ffcec6f8000 	C:\WINDOWS\SYSTEM32\CRYPTSP.dll
0x00007ffceb370000 - 0x00007ffceb3a8000 	C:\WINDOWS\system32\rsaenh.dll
0x00007ffcec820000 - 0x00007ffcec84e000 	C:\WINDOWS\SYSTEM32\USERENV.dll
0x00007ffcebc50000 - 0x00007ffcebc5c000 	C:\WINDOWS\SYSTEM32\CRYPTBASE.dll
0x00007ffceb6d0000 - 0x00007ffceb70b000 	C:\WINDOWS\SYSTEM32\IPHLPAPI.DLL
0x00007ffceefb0000 - 0x00007ffceefb8000 	C:\WINDOWS\System32\NSI.dll
0x00007ffcb59d0000 - 0x00007ffcb5a19000 	C:\Users\leone\AppData\Local\Temp\jna-102859341\jna15939873138044709142.dll
0x00007ffcedd90000 - 0x00007ffcedd98000 	C:\WINDOWS\System32\PSAPI.DLL
0x00007ffce24f0000 - 0x00007ffce2507000 	C:\WINDOWS\SYSTEM32\dhcpcsvc6.DLL
0x00007ffce2f50000 - 0x00007ffce2f6d000 	C:\WINDOWS\SYSTEM32\dhcpcsvc.DLL

dbghelp: loaded successfully - version: 4.0.5 - missing functions: none
symbol engine: initialized successfully - sym options: 0x614 - pdb path: .;c:\Users\leone\.vscode\extensions\redhat.java-1.41.1-win32-x64\jre\21.0.6-win32-x86_64\bin;C:\WINDOWS\SYSTEM32;C:\WINDOWS\WinSxS\amd64_microsoft.windows.common-controls_6595b64144ccf1df_6.0.19041.4355_none_60b8b9eb71f62e16;c:\Users\leone\.vscode\extensions\redhat.java-1.41.1-win32-x64\jre\21.0.6-win32-x86_64\bin\server;C:\Users\leone\AppData\Roaming\Code\User\globalStorage\redhat.java\1.41.1\config_ss_win\org.eclipse.equinox.launcher\org.eclipse.equinox.launcher.win32.win32.x86_64_1.2.1300.v20250331-1702;C:\Users\leone\AppData\Local\Temp\jna-102859341

VM Arguments:
jvm_args: --add-modules=ALL-SYSTEM --add-opens=java.base/java.util=ALL-UNNAMED --add-opens=java.base/java.lang=ALL-UNNAMED --add-opens=java.base/sun.nio.fs=ALL-UNNAMED -Declipse.application=org.eclipse.jdt.ls.core.id1 -Dosgi.bundles.defaultStartLevel=4 -Declipse.product=org.eclipse.jdt.ls.core.product -Djava.import.generatesMetadataFilesAtProjectRoot=false -DDetectVMInstallationsJob.disabled=true -Dfile.encoding=utf8 -XX:+UseParallelGC -XX:GCTimeRatio=4 -XX:AdaptiveSizePolicyWeight=90 -Dsun.zip.disableMemoryMapping=true -Xmx1G -Xms100m -Xlog:disable -javaagent:c:\Users\leone\.vscode\extensions\redhat.java-1.41.1-win32-x64\lombok\lombok-1.18.36.jar 
java_command: c:\Users\leone\.vscode\extensions\redhat.java-1.41.1-win32-x64\server\plugins\org.eclipse.equinox.launcher_1.7.0.v20250331-1702.jar -configuration c:\Users\leone\AppData\Roaming\Code\User\globalStorage\redhat.java\1.41.1\config_ss_win -data c:\Users\leone\AppData\Roaming\Code\User\workspaceStorage\a3c3274fa406f47b0e14858119fa9210\redhat.java\ss_ws --pipe=\\.\pipe\lsp-981b45813474573e0091d3d093f15a47-sock
java_class_path (initial): c:\Users\leone\.vscode\extensions\redhat.java-1.41.1-win32-x64\server\plugins\org.eclipse.equinox.launcher_1.7.0.v20250331-1702.jar
Launcher Type: SUN_STANDARD

[Global flags]
    uintx AdaptiveSizePolicyWeight                 = 90                                        {product} {command line}
     intx CICompilerCount                          = 3                                         {product} {ergonomic}
    uintx GCTimeRatio                              = 4                                         {product} {command line}
   size_t InitialHeapSize                          = 104857600                                 {product} {command line}
   size_t MaxHeapSize                              = 1073741824                                {product} {command line}
   size_t MaxNewSize                               = 357564416                                 {product} {ergonomic}
   size_t MinHeapDeltaBytes                        = 524288                                    {product} {ergonomic}
   size_t MinHeapSize                              = 104857600                                 {product} {command line}
   size_t NewSize                                  = 34603008                                  {product} {ergonomic}
    uintx NonNMethodCodeHeapSize                   = 5832780                                {pd product} {ergonomic}
    uintx NonProfiledCodeHeapSize                  = 122912730                              {pd product} {ergonomic}
   size_t OldSize                                  = 70254592                                  {product} {ergonomic}
    uintx ProfiledCodeHeapSize                     = 122912730                              {pd product} {ergonomic}
    uintx ReservedCodeCacheSize                    = 251658240                              {pd product} {ergonomic}
     bool SegmentedCodeCache                       = true                                      {product} {ergonomic}
   size_t SoftMaxHeapSize                          = 1073741824                             {manageable} {ergonomic}
     bool UseCompressedOops                        = true                           {product lp64_product} {ergonomic}
     bool UseLargePagesIndividualAllocation        = false                                  {pd product} {ergonomic}
     bool UseParallelGC                            = true                                      {product} {command line}

Logging:
Log output configuration:
 #0: stdout all=off uptime,level,tags foldmultilines=false
 #1: stderr all=off uptime,level,tags foldmultilines=false

Environment Variables:
JAVA_HOME=C:\Program Files\Eclipse Adoptium\jdk-17.0.14.7-hotspot\
PATH=C:\Program Files\Common Files\Oracle\Java\javapath;C:\Program Files\Eclipse Adoptium\jdk-17.0.14.7-hotspot\bin;C:\Program Files (x86)\Intel\iCLS Client\;C:\Program Files\Intel\iCLS Client\;C:\WINDOWS\system32;C:\WINDOWS;C:\WINDOWS\System32\Wbem;C:\WINDOWS\System32\WindowsPowerShell\v1.0\;C:\Program Files (x86)\Intel\Intel(R) Management Engine Components\DAL;C:\Program Files\Intel\Intel(R) Management Engine Components\DAL;C:\Program Files (x86)\Intel\Intel(R) Management Engine Components\IPT;C:\Program Files\Intel\Intel(R) Management Engine Components\IPT;C:\WINDOWS\System32\OpenSSH\;C:\Program Files\Git\cmd;C:\Program Files\nodejs\;C:\Users\leone\AppData\Local\Microsoft\WindowsApps;C:\Users\leone\AppData\Local\Programs\Microsoft VS Code\bin;C:\Program Files\Git\cmd;C:\Users\leone\AppData\Roaming\npm;C:\Program Files\Apache\Maven\apache-maven-3.9.9\bin;
USERNAME=leone
OS=Windows_NT
PROCESSOR_IDENTIFIER=Intel64 Family 6 Model 61 Stepping 4, GenuineIntel
TMP=C:\Users\leone\AppData\Local\Temp
TEMP=C:\Users\leone\AppData\Local\Temp




Periodic native trim disabled

---------------  S Y S T E M  ---------------

OS:
 Windows 10 , 64 bit Build 19041 (10.0.19041.5438)
OS uptime: 6 days 7:14 hours

CPU: total 4 (initial active 4) (2 cores per cpu, 2 threads per core) family 6 model 61 stepping 4 microcode 0x2d, cx8, cmov, fxsr, ht, mmx, 3dnowpref, sse, sse2, sse3, ssse3, sse4.1, sse4.2, popcnt, lzcnt, tsc, tscinvbit, avx, avx2, aes, erms, clmul, bmi1, bmi2, adx, fma, vzeroupper, clflush, rdtscp, f16c
Processor Information for the first 4 processors :
  Max Mhz: 2201, Current Mhz: 2201, Mhz Limit: 2201

Memory: 4k page, system-wide physical 3995M (180M free)
TotalPageFile size 16283M (AvailPageFile size 3M)
current process WorkingSet (physical memory assigned to process): 107M, peak: 157M
current process commit charge ("private bytes"): 238M, peak: 249M

vm_info: OpenJDK 64-Bit Server VM (21.0.6+7-LTS) for windows-amd64 JRE (21.0.6+7-LTS), built on 2025-01-21T00:00:00Z by "admin" with MS VC++ 17.7 (VS2022)

END.
