#
# There is insufficient memory for the Java Runtime Environment to continue.
# Native memory allocation (malloc) failed to allocate 32744 bytes. Error detail: Chunk::new
# Possible reasons:
#   The system is out of physical RAM or swap space
#   This process is running with CompressedOops enabled, and the Java Heap may be blocking the growth of the native heap
# Possible solutions:
#   Reduce memory load on the system
#   Increase physical memory or swap space
#   Check if swap backing store is full
#   Decrease Java heap size (-Xmx/-Xms)
#   Decrease number of Java threads
#   Decrease Java thread stack sizes (-Xss)
#   Set larger code cache with -XX:ReservedCodeCacheSize=
#   JVM is running with Unscaled Compressed Oops mode in which the Java heap is
#     placed in the first 4GB address space. The Java Heap base address is the
#     maximum limit for the native heap growth. Please use -XX:HeapBaseMinAddress
#     to set the Java Heap base and to place the Java Heap above 4GB virtual address.
# This output file may be truncated or incomplete.
#
#  Out of Memory Error (arena.cpp:168), pid=25696, tid=11840
#
# JRE version: OpenJDK Runtime Environment Temurin-21.0.6+7 (21.0.6+7) (build 21.0.6+7-LTS)
# Java VM: OpenJDK 64-Bit Server VM Temurin-21.0.6+7 (21.0.6+7-LTS, mixed mode, sharing, tiered, compressed oops, compressed class ptrs, parallel gc, windows-amd64)
# No core dump will be written. Minidumps are not enabled by default on client versions of Windows
#

---------------  S U M M A R Y ------------

Command Line: --add-modules=ALL-SYSTEM --add-opens=java.base/java.util=ALL-UNNAMED --add-opens=java.base/java.lang=ALL-UNNAMED --add-opens=java.base/sun.nio.fs=ALL-UNNAMED -Declipse.application=org.eclipse.jdt.ls.core.id1 -Dosgi.bundles.defaultStartLevel=4 -Declipse.product=org.eclipse.jdt.ls.core.product -Djava.import.generatesMetadataFilesAtProjectRoot=false -DDetectVMInstallationsJob.disabled=true -Dfile.encoding=utf8 -XX:+UseParallelGC -XX:GCTimeRatio=4 -XX:AdaptiveSizePolicyWeight=90 -Dsun.zip.disableMemoryMapping=true -Xmx1G -Xms100m -Xlog:disable -javaagent:c:\Users\leone\.vscode\extensions\redhat.java-1.41.1-win32-x64\lombok\lombok-1.18.36.jar -XX:+HeapDumpOnOutOfMemoryError -XX:HeapDumpPath=c:\Users\leone\AppData\Roaming\Code\User\workspaceStorage\a3c3274fa406f47b0e14858119fa9210\redhat.java -Daether.dependencyCollector.impl=bf c:\Users\leone\.vscode\extensions\redhat.java-1.41.1-win32-x64\server\plugins\org.eclipse.equinox.launcher_1.7.0.v20250331-1702.jar -configuration c:\Users\leone\AppData\Roaming\Code\User\globalStorage\redhat.java\1.41.1\config_win -data c:\Users\leone\AppData\Roaming\Code\User\workspaceStorage\a3c3274fa406f47b0e14858119fa9210\redhat.java\jdt_ws --pipe=\\.\pipe\lsp-2806f44561dddcdfb3f66aac4ef57635-sock

Host: Intel(R) Core(TM) i5-5200U CPU @ 2.20GHz, 4 cores, 3G,  Windows 10 , 64 bit Build 19041 (10.0.19041.5438)
Time: Fri Apr  4 11:39:25 2025 Hora oficial do Brasil elapsed time: 57.679389 seconds (0d 0h 0m 57s)

---------------  T H R E A D  ---------------

Current thread (0x000001dd57ac3e10):  JavaThread "C2 CompilerThread0" daemon [_thread_in_native, id=11840, stack(0x000000651dc00000,0x000000651dd00000) (1024K)]


Current CompileTask:
C2:57679 10355   !   4       org.eclipse.jdt.internal.core.search.indexing.BinaryIndexer::indexDocument (1204 bytes)

Stack: [0x000000651dc00000,0x000000651dd00000]
Native frames: (J=compiled Java code, j=interpreted, Vv=VM code, C=native code)
V  [jvm.dll+0x6cdee9]
V  [jvm.dll+0x8a83d1]
V  [jvm.dll+0x8aa8fe]
V  [jvm.dll+0x8aafe3]
V  [jvm.dll+0x27f706]
V  [jvm.dll+0xc500d]
V  [jvm.dll+0xc5543]
V  [jvm.dll+0x145e70]
V  [jvm.dll+0x14600d]
V  [jvm.dll+0x146774]
V  [jvm.dll+0x2efc8a]
V  [jvm.dll+0x2f1c60]
V  [jvm.dll+0x6e8512]
V  [jvm.dll+0x6e0503]
V  [jvm.dll+0x6dfc1e]
V  [jvm.dll+0x6ddd0c]
V  [jvm.dll+0x1ca62c]
V  [jvm.dll+0x1cb1ac]
V  [jvm.dll+0x2f1cdc]
V  [jvm.dll+0x6e8512]
V  [jvm.dll+0x6e0503]
V  [jvm.dll+0x6dfc1e]
V  [jvm.dll+0x6ddd0c]
V  [jvm.dll+0x1ca62c]
V  [jvm.dll+0x1cb1ac]
V  [jvm.dll+0x2f1cdc]
V  [jvm.dll+0x6e8512]
V  [jvm.dll+0x6e0503]
V  [jvm.dll+0x6dfc1e]
V  [jvm.dll+0x6ddd0c]
V  [jvm.dll+0x1ca62c]
V  [jvm.dll+0x1cb1ac]
V  [jvm.dll+0x2f1cdc]
V  [jvm.dll+0x6e8512]
V  [jvm.dll+0x6e0503]
V  [jvm.dll+0x6dfc1e]
V  [jvm.dll+0x6ddd0c]
V  [jvm.dll+0x1ca62c]
V  [jvm.dll+0x1cb1ac]
V  [jvm.dll+0x2f1cdc]
V  [jvm.dll+0x6e8512]
V  [jvm.dll+0x6e0503]
V  [jvm.dll+0x6dfc1e]
V  [jvm.dll+0x6ddd0c]
V  [jvm.dll+0x1ca62c]
V  [jvm.dll+0x1cb1ac]
V  [jvm.dll+0x2f1cdc]
V  [jvm.dll+0x6e8512]
V  [jvm.dll+0x6e0503]
V  [jvm.dll+0x6dfc1e]
V  [jvm.dll+0x6ddd0c]
V  [jvm.dll+0x1ca62c]
V  [jvm.dll+0x1cb1ac]
V  [jvm.dll+0x2f1cdc]
V  [jvm.dll+0x6e8512]
V  [jvm.dll+0x6e0503]
V  [jvm.dll+0x6dfc1e]
V  [jvm.dll+0x6ddd0c]
V  [jvm.dll+0x1ca62c]
V  [jvm.dll+0x246b3e]
V  [jvm.dll+0x1c75ee]
V  [jvm.dll+0x25685a]
V  [jvm.dll+0x254dfa]
V  [jvm.dll+0x3f0256]
V  [jvm.dll+0x851f8b]
V  [jvm.dll+0x6cc5ed]
C  [ucrtbase.dll+0x21bb2]
C  [KERNEL32.DLL+0x17374]
C  [ntdll.dll+0x4cc91]


---------------  P R O C E S S  ---------------

Threads class SMR info:
_java_thread_list=0x000001dd5f4f9480, length=43, elements={
0x000001dd4378fd90, 0x000001dd57ab83f0, 0x000001dd57aba460, 0x000001dd57abd850,
0x000001dd57abe760, 0x000001dd57ac1580, 0x000001dd57ac2fe0, 0x000001dd57ac3e10,
0x000001dd57b38c70, 0x000001dd437fd220, 0x000001dd58b49190, 0x000001dd5d101df0,
0x000001dd5d636de0, 0x000001dd5d623ab0, 0x000001dd5d5e2610, 0x000001dd5d85eea0,
0x000001dd5db73ad0, 0x000001dd5d42b270, 0x000001dd5d428b10, 0x000001dd5d429830,
0x000001dd5d42a550, 0x000001dd5d42b900, 0x000001dd5d4291a0, 0x000001dd5d429ec0,
0x000001dd5d42abe0, 0x000001dd5d42bf90, 0x000001dd601eeb70, 0x000001dd601ecaa0,
0x000001dd601ea9d0, 0x000001dd601e8270, 0x000001dd601ede50, 0x000001dd601eb060,
0x000001dd601eb6f0, 0x000001dd601ed130, 0x000001dd601e7be0, 0x000001dd601e8900,
0x000001dd5ffd5c90, 0x000001dd5ffd48e0, 0x000001dd5ffd5600, 0x000001dd5ffd1af0,
0x000001dd5ffd00b0, 0x000001dd5ffd6320, 0x000001dd5ffd2ea0
}

Java Threads: ( => current thread )
  0x000001dd4378fd90 JavaThread "main"                              [_thread_blocked, id=15188, stack(0x000000651d200000,0x000000651d300000) (1024K)]
  0x000001dd57ab83f0 JavaThread "Reference Handler"          daemon [_thread_blocked, id=18896, stack(0x000000651d600000,0x000000651d700000) (1024K)]
  0x000001dd57aba460 JavaThread "Finalizer"                  daemon [_thread_blocked, id=28240, stack(0x000000651d700000,0x000000651d800000) (1024K)]
  0x000001dd57abd850 JavaThread "Signal Dispatcher"          daemon [_thread_blocked, id=22404, stack(0x000000651d800000,0x000000651d900000) (1024K)]
  0x000001dd57abe760 JavaThread "Attach Listener"            daemon [_thread_blocked, id=26332, stack(0x000000651d900000,0x000000651da00000) (1024K)]
  0x000001dd57ac1580 JavaThread "Service Thread"             daemon [_thread_blocked, id=26052, stack(0x000000651da00000,0x000000651db00000) (1024K)]
  0x000001dd57ac2fe0 JavaThread "Monitor Deflation Thread"   daemon [_thread_blocked, id=24868, stack(0x000000651db00000,0x000000651dc00000) (1024K)]
=>0x000001dd57ac3e10 JavaThread "C2 CompilerThread0"         daemon [_thread_in_native, id=11840, stack(0x000000651dc00000,0x000000651dd00000) (1024K)]
  0x000001dd57b38c70 JavaThread "C1 CompilerThread0"         daemon [_thread_blocked, id=14192, stack(0x000000651dd00000,0x000000651de00000) (1024K)]
  0x000001dd437fd220 JavaThread "Common-Cleaner"             daemon [_thread_blocked, id=10708, stack(0x000000651de00000,0x000000651df00000) (1024K)]
  0x000001dd58b49190 JavaThread "Notification Thread"        daemon [_thread_blocked, id=19840, stack(0x000000651df00000,0x000000651e000000) (1024K)]
  0x000001dd5d101df0 JavaThread "Active Thread: Equinox Container: 1dfe8530-128b-4e89-be63-42e9f19e6d2d"        [_thread_blocked, id=23892, stack(0x000000651e300000,0x000000651e400000) (1024K)]
  0x000001dd5d636de0 JavaThread "Refresh Thread: Equinox Container: 1dfe8530-128b-4e89-be63-42e9f19e6d2d" daemon [_thread_blocked, id=4516, stack(0x000000651e400000,0x000000651e500000) (1024K)]
  0x000001dd5d623ab0 JavaThread "Framework Event Dispatcher: Equinox Container: 1dfe8530-128b-4e89-be63-42e9f19e6d2d" daemon [_thread_blocked, id=28520, stack(0x000000651e500000,0x000000651e600000) (1024K)]
  0x000001dd5d5e2610 JavaThread "Start Level: Equinox Container: 1dfe8530-128b-4e89-be63-42e9f19e6d2d" daemon [_thread_blocked, id=16668, stack(0x000000651e600000,0x000000651e700000) (1024K)]
  0x000001dd5d85eea0 JavaThread "Bundle File Closer"         daemon [_thread_blocked, id=23872, stack(0x000000651e700000,0x000000651e800000) (1024K)]
  0x000001dd5db73ad0 JavaThread "SCR Component Actor"        daemon [_thread_blocked, id=27888, stack(0x000000651e800000,0x000000651e900000) (1024K)]
  0x000001dd5d42b270 JavaThread "Worker-JM"                         [_thread_blocked, id=27952, stack(0x000000651ea00000,0x000000651eb00000) (1024K)]
  0x000001dd5d428b10 JavaThread "JNA Cleaner"                daemon [_thread_blocked, id=28112, stack(0x000000651eb00000,0x000000651ec00000) (1024K)]
  0x000001dd5d429830 JavaThread "Worker-0"                          [_thread_blocked, id=7852, stack(0x000000651ec00000,0x000000651ed00000) (1024K)]
  0x000001dd5d42a550 JavaThread "Worker-1"                          [_thread_blocked, id=14316, stack(0x000000651ed00000,0x000000651ee00000) (1024K)]
  0x000001dd5d42b900 JavaThread "Worker-2: Java indexing... "        [_thread_blocked, id=17412, stack(0x000000651ee00000,0x000000651ef00000) (1024K)]
  0x000001dd5d4291a0 JavaThread "Java indexing"              daemon [_thread_in_Java, id=21852, stack(0x000000651ef00000,0x000000651f000000) (1024K)]
  0x000001dd5d429ec0 JavaThread "Worker-3"                          [_thread_blocked, id=18176, stack(0x000000651f000000,0x000000651f100000) (1024K)]
  0x000001dd5d42abe0 JavaThread "Worker-4: Initialize workspace"        [_thread_blocked, id=20196, stack(0x000000651f100000,0x000000651f200000) (1024K)]
  0x000001dd5d42bf90 JavaThread "Thread-2"                   daemon [_thread_in_native, id=27132, stack(0x000000651f200000,0x000000651f300000) (1024K)]
  0x000001dd601eeb70 JavaThread "Thread-3"                   daemon [_thread_in_native, id=19300, stack(0x000000651f300000,0x000000651f400000) (1024K)]
  0x000001dd601ecaa0 JavaThread "Thread-4"                   daemon [_thread_in_native, id=26128, stack(0x000000651f400000,0x000000651f500000) (1024K)]
  0x000001dd601ea9d0 JavaThread "Thread-5"                   daemon [_thread_in_native, id=3344, stack(0x000000651f500000,0x000000651f600000) (1024K)]
  0x000001dd601e8270 JavaThread "Thread-6"                   daemon [_thread_in_native, id=5360, stack(0x000000651f600000,0x000000651f700000) (1024K)]
  0x000001dd601ede50 JavaThread "pool-2-thread-1"                   [_thread_blocked, id=12308, stack(0x000000651f700000,0x000000651f800000) (1024K)]
  0x000001dd601eb060 JavaThread "WorkspaceEventsHandler"            [_thread_blocked, id=12040, stack(0x000000651e900000,0x000000651ea00000) (1024K)]
  0x000001dd601eb6f0 JavaThread "pool-1-thread-1"                   [_thread_blocked, id=19984, stack(0x000000651f800000,0x000000651f900000) (1024K)]
  0x000001dd601ed130 JavaThread "Worker-5"                          [_thread_blocked, id=5132, stack(0x000000651f900000,0x000000651fa00000) (1024K)]
  0x000001dd601e7be0 JavaThread "Compiler Source File Reader" daemon [_thread_blocked, id=27388, stack(0x000000651fa00000,0x000000651fb00000) (1024K)]
  0x000001dd601e8900 JavaThread "Compiler Source File Reader" daemon [_thread_blocked, id=22808, stack(0x000000651fb00000,0x000000651fc00000) (1024K)]
  0x000001dd5ffd5c90 JavaThread "LocalFile Deleter"          daemon [_thread_blocked, id=23584, stack(0x000000651fc00000,0x000000651fd00000) (1024K)]
  0x000001dd5ffd48e0 JavaThread "LocalFile Deleter"          daemon [_thread_blocked, id=12156, stack(0x000000651fd00000,0x000000651fe00000) (1024K)]
  0x000001dd5ffd5600 JavaThread "LocalFile Deleter"          daemon [_thread_blocked, id=18120, stack(0x000000651fe00000,0x000000651ff00000) (1024K)]
  0x000001dd5ffd1af0 JavaThread "LocalFile Deleter"          daemon [_thread_blocked, id=17816, stack(0x000000651ff00000,0x0000006520000000) (1024K)]
  0x000001dd5ffd00b0 JavaThread "Compiler Processing Task"   daemon [_thread_blocked, id=24708, stack(0x0000006520200000,0x0000006520300000) (1024K)]
  0x000001dd5ffd6320 JavaThread "Compiler Class File Writer" daemon [_thread_blocked, id=8080, stack(0x0000006520300000,0x0000006520400000) (1024K)]
  0x000001dd5ffd2ea0 JavaThread "Compiler Class File Writer" daemon [_thread_blocked, id=14516, stack(0x0000006520400000,0x0000006520500000) (1024K)]
Total: 43

Other Threads:
  0x000001dd4384bfa0 VMThread "VM Thread"                           [id=10764, stack(0x000000651d500000,0x000000651d600000) (1024K)]
  0x000001dd437fc340 WatcherThread "VM Periodic Task Thread"        [id=18172, stack(0x000000651d400000,0x000000651d500000) (1024K)]
  0x000001dd437ae770 WorkerThread "GC Thread#0"                     [id=16920, stack(0x000000651d300000,0x000000651d400000) (1024K)]
  0x000001dd5d2e5ae0 WorkerThread "GC Thread#1"                     [id=28256, stack(0x000000651e000000,0x000000651e100000) (1024K)]
  0x000001dd5d2b7ba0 WorkerThread "GC Thread#2"                     [id=10672, stack(0x000000651e100000,0x000000651e200000) (1024K)]
  0x000001dd5d2b7f40 WorkerThread "GC Thread#3"                     [id=19936, stack(0x000000651e200000,0x000000651e300000) (1024K)]
Total: 6

Threads with active compile tasks:
C2 CompilerThread0  57874 10355   !   4       org.eclipse.jdt.internal.core.search.indexing.BinaryIndexer::indexDocument (1204 bytes)
Total: 1

VM state: not at safepoint (normal execution)

VM Mutex/Monitor currently owned by a thread: None

Heap address: 0x00000000c0000000, size: 1024 MB, Compressed Oops mode: 32-bit

CDS archive(s) mapped at: [0x000001dd00000000-0x000001dd00ba0000-0x000001dd00ba0000), size 12189696, SharedBaseAddress: 0x000001dd00000000, ArchiveRelocationMode: 1.
Compressed class space mapped at: 0x000001dd01000000-0x000001dd41000000, reserved size: 1073741824
Narrow klass base: 0x000001dd00000000, Narrow klass shift: 0, Narrow klass range: 0x100000000

GC Precious Log:
 CardTable entry size: 512
 CPUs: 4 total, 4 available
 Memory: 3995M
 Large Page Support: Disabled
 NUMA Support: Disabled
 Compressed Oops: Enabled (32-bit)
 Alignments: Space 512K, Generation 512K, Heap 2M
 Heap Min Capacity: 100M
 Heap Initial Capacity: 100M
 Heap Max Capacity: 1G
 Pre-touch: Disabled
 Parallel Workers: 4

Heap:
 PSYoungGen      total 9728K, used 9641K [0x00000000eab00000, 0x00000000eb780000, 0x0000000100000000)
  eden space 7680K, 99% used [0x00000000eab00000,0x00000000eb273fb0,0x00000000eb280000)
  from space 2048K, 98% used [0x00000000eb280000,0x00000000eb476488,0x00000000eb480000)
  to   space 2560K, 0% used [0x00000000eb500000,0x00000000eb500000,0x00000000eb780000)
 ParOldGen       total 96768K, used 96490K [0x00000000c0000000, 0x00000000c5e80000, 0x00000000eab00000)
  object space 96768K, 99% used [0x00000000c0000000,0x00000000c5e3ab70,0x00000000c5e80000)
 Metaspace       used 59112K, committed 60480K, reserved 1114112K
  class space    used 6104K, committed 6720K, reserved 1048576K

Card table byte_map: [0x000001dd43140000,0x000001dd43350000] _byte_map_base: 0x000001dd42b40000

Marking Bits: (ParMarkBitMap*) 0x00007ffc70233260
 Begin Bits: [0x000001dd55990000, 0x000001dd56990000)
 End Bits:   [0x000001dd56990000, 0x000001dd57990000)

Polling page: 0x000001dd413d0000

Metaspace:

Usage:
  Non-class:     51.77 MB used.
      Class:      5.96 MB used.
       Both:     57.73 MB used.

Virtual space:
  Non-class space:       64.00 MB reserved,      52.50 MB ( 82%) committed,  1 nodes.
      Class space:        1.00 GB reserved,       6.56 MB ( <1%) committed,  1 nodes.
             Both:        1.06 GB reserved,      59.06 MB (  5%) committed. 

Chunk freelists:
   Non-Class:  10.69 MB
       Class:  9.35 MB
        Both:  20.04 MB

MaxMetaspaceSize: unlimited
CompressedClassSpaceSize: 1.00 GB
Initial GC threshold: 21.00 MB
Current GC threshold: 97.31 MB
CDS: on
 - commit_granule_bytes: 65536.
 - commit_granule_words: 8192.
 - virtual_space_node_default_size: 8388608.
 - enlarge_chunks_in_place: 1.
 - use_allocation_guard: 0.


Internal statistics:

num_allocs_failed_limit: 9.
num_arena_births: 1126.
num_arena_deaths: 14.
num_vsnodes_births: 2.
num_vsnodes_deaths: 0.
num_space_committed: 945.
num_space_uncommitted: 0.
num_chunks_returned_to_freelist: 23.
num_chunks_taken_from_freelist: 3865.
num_chunk_merges: 15.
num_chunk_splits: 2396.
num_chunks_enlarged: 1373.
num_inconsistent_stats: 0.

CodeHeap 'non-profiled nmethods': size=120000Kb used=5854Kb max_used=5854Kb free=114145Kb
 bounds [0x000001dd4e460000, 0x000001dd4ea20000, 0x000001dd55990000]
CodeHeap 'profiled nmethods': size=120000Kb used=20726Kb max_used=20726Kb free=99273Kb
 bounds [0x000001dd46990000, 0x000001dd47de0000, 0x000001dd4dec0000]
CodeHeap 'non-nmethods': size=5760Kb used=1421Kb max_used=1476Kb free=4338Kb
 bounds [0x000001dd4dec0000, 0x000001dd4e130000, 0x000001dd4e460000]
 total_blobs=10347 nmethods=9609 adapters=644
 compilation: enabled
              stopped_count=0, restarted_count=0
 full_count=0

Compilation events (20 events):
Event: 56.558 Thread 0x000001dd57b38c70 10349  s    3       org.eclipse.jdt.internal.core.search.processing.JobManager::awaitingJobsCount (21 bytes)
Event: 56.558 Thread 0x000001dd57b38c70 nmethod 10349 0x000001dd47258810 code [0x000001dd472589c0, 0x000001dd47258ca8]
Event: 56.692 Thread 0x000001dd57ac3e10 nmethod 10344 0x000001dd4ea03690 code [0x000001dd4ea03b20, 0x000001dd4ea06470]
Event: 56.693 Thread 0x000001dd57ac3e10 10347       4       jdk.internal.jrtfs.JrtFileSystem::checkNode (40 bytes)
Event: 56.746 Thread 0x000001dd57ac3e10 nmethod 10347 0x000001dd4ea08310 code [0x000001dd4ea085a0, 0x000001dd4ea093f8]
Event: 56.746 Thread 0x000001dd57ac3e10 10346       4       org.eclipse.jdt.internal.core.search.matching.SuperTypeReferencePattern::createIndexKey (619 bytes)
Event: 56.964 Thread 0x000001dd57ac3e10 nmethod 10346 0x000001dd4ea09e10 code [0x000001dd4ea0a140, 0x000001dd4ea0d0d0]
Event: 56.964 Thread 0x000001dd57ac3e10 10348       4       java.lang.StringConcatHelper::coder (15 bytes)
Event: 56.965 Thread 0x000001dd57ac3e10 nmethod 10348 0x000001dd4ea0ec10 code [0x000001dd4ea0eda0, 0x000001dd4ea0ee28]
Event: 56.965 Thread 0x000001dd57ac3e10 10345       4       java.net.URI$Parser::checkChar (14 bytes)
Event: 56.981 Thread 0x000001dd57ac3e10 nmethod 10345 0x000001dd4ea0ef10 code [0x000001dd4ea0f100, 0x000001dd4ea0f7c8]
Event: 57.097 Thread 0x000001dd57ac3e10 10350       4       jdk.internal.jrtfs.JrtFileSystem::getFileContent (49 bytes)
Event: 57.163 Thread 0x000001dd57ac3e10 nmethod 10350 0x000001dd4ea0fc10 code [0x000001dd4ea0fee0, 0x000001dd4ea11230]
Event: 57.164 Thread 0x000001dd57ac3e10 10351       4       java.net.URI::appendSchemeSpecificPart (158 bytes)
Event: 57.187 Thread 0x000001dd57ac3e10 nmethod 10351 0x000001dd4ea12610 code [0x000001dd4ea12820, 0x000001dd4ea130b8]
Event: 57.335 Thread 0x000001dd57ac3e10 10352       4       org.eclipse.jdt.internal.core.search.indexing.AbstractIndexer::addConstructorDeclaration (97 bytes)
Event: 57.344 Thread 0x000001dd57ac3e10 nmethod 10352 0x000001dd4ea13710 code [0x000001dd4ea13900, 0x000001dd4ea13c70]
Event: 57.468 Thread 0x000001dd57ac3e10 10353       4       jdk.internal.jrtfs.JrtFileSystem::getPath (102 bytes)
Event: 57.597 Thread 0x000001dd57ac3e10 nmethod 10353 0x000001dd4ea14110 code [0x000001dd4ea14480, 0x000001dd4ea16728]
Event: 57.597 Thread 0x000001dd57ac3e10 10355   !   4       org.eclipse.jdt.internal.core.search.indexing.BinaryIndexer::indexDocument (1204 bytes)

GC Heap History (20 events):
Event: 53.421 GC heap before
{Heap before GC invocations=57 (full 3):
 PSYoungGen      total 12288K, used 12050K [0x00000000eab00000, 0x00000000eba80000, 0x0000000100000000)
  eden space 9728K, 100% used [0x00000000eab00000,0x00000000eb480000,0x00000000eb480000)
  from space 2560K, 90% used [0x00000000eb500000,0x00000000eb744898,0x00000000eb780000)
  to   space 3072K, 0% used [0x00000000eb780000,0x00000000eb780000,0x00000000eba80000)
 ParOldGen       total 77312K, used 76900K [0x00000000c0000000, 0x00000000c4b80000, 0x00000000eab00000)
  object space 77312K, 99% used [0x00000000c0000000,0x00000000c4b19158,0x00000000c4b80000)
 Metaspace       used 59110K, committed 60480K, reserved 1114112K
  class space    used 6104K, committed 6720K, reserved 1048576K
}
Event: 53.471 GC heap after
{Heap after GC invocations=57 (full 3):
 PSYoungGen      total 12288K, used 2466K [0x00000000eab00000, 0x00000000eba00000, 0x0000000100000000)
  eden space 9728K, 0% used [0x00000000eab00000,0x00000000eab00000,0x00000000eb480000)
  from space 2560K, 96% used [0x00000000eb780000,0x00000000eb9e8870,0x00000000eba00000)
  to   space 2560K, 0% used [0x00000000eb500000,0x00000000eb500000,0x00000000eb780000)
 ParOldGen       total 79360K, used 78963K [0x00000000c0000000, 0x00000000c4d80000, 0x00000000eab00000)
  object space 79360K, 99% used [0x00000000c0000000,0x00000000c4d1cf00,0x00000000c4d80000)
 Metaspace       used 59110K, committed 60480K, reserved 1114112K
  class space    used 6104K, committed 6720K, reserved 1048576K
}
Event: 54.153 GC heap before
{Heap before GC invocations=58 (full 3):
 PSYoungGen      total 12288K, used 12194K [0x00000000eab00000, 0x00000000eba00000, 0x0000000100000000)
  eden space 9728K, 100% used [0x00000000eab00000,0x00000000eb480000,0x00000000eb480000)
  from space 2560K, 96% used [0x00000000eb780000,0x00000000eb9e8870,0x00000000eba00000)
  to   space 2560K, 0% used [0x00000000eb500000,0x00000000eb500000,0x00000000eb780000)
 ParOldGen       total 79360K, used 78963K [0x00000000c0000000, 0x00000000c4d80000, 0x00000000eab00000)
  object space 79360K, 99% used [0x00000000c0000000,0x00000000c4d1cf00,0x00000000c4d80000)
 Metaspace       used 59110K, committed 60480K, reserved 1114112K
  class space    used 6104K, committed 6720K, reserved 1048576K
}
Event: 54.157 GC heap after
{Heap after GC invocations=58 (full 3):
 PSYoungGen      total 12288K, used 2376K [0x00000000eab00000, 0x00000000eb980000, 0x0000000100000000)
  eden space 9728K, 0% used [0x00000000eab00000,0x00000000eab00000,0x00000000eb480000)
  from space 2560K, 92% used [0x00000000eb500000,0x00000000eb7520f8,0x00000000eb780000)
  to   space 2048K, 0% used [0x00000000eb780000,0x00000000eb780000,0x00000000eb980000)
 ParOldGen       total 81408K, used 81288K [0x00000000c0000000, 0x00000000c4f80000, 0x00000000eab00000)
  object space 81408K, 99% used [0x00000000c0000000,0x00000000c4f622e8,0x00000000c4f80000)
 Metaspace       used 59110K, committed 60480K, reserved 1114112K
  class space    used 6104K, committed 6720K, reserved 1048576K
}
Event: 54.356 GC heap before
{Heap before GC invocations=59 (full 3):
 PSYoungGen      total 12288K, used 12104K [0x00000000eab00000, 0x00000000eb980000, 0x0000000100000000)
  eden space 9728K, 100% used [0x00000000eab00000,0x00000000eb480000,0x00000000eb480000)
  from space 2560K, 92% used [0x00000000eb500000,0x00000000eb7520f8,0x00000000eb780000)
  to   space 2048K, 0% used [0x00000000eb780000,0x00000000eb780000,0x00000000eb980000)
 ParOldGen       total 81408K, used 81288K [0x00000000c0000000, 0x00000000c4f80000, 0x00000000eab00000)
  object space 81408K, 99% used [0x00000000c0000000,0x00000000c4f622e8,0x00000000c4f80000)
 Metaspace       used 59112K, committed 60480K, reserved 1114112K
  class space    used 6104K, committed 6720K, reserved 1048576K
}
Event: 54.361 GC heap after
{Heap after GC invocations=59 (full 3):
 PSYoungGen      total 9728K, used 2046K [0x00000000eab00000, 0x00000000ebe80000, 0x0000000100000000)
  eden space 7680K, 0% used [0x00000000eab00000,0x00000000eab00000,0x00000000eb280000)
  from space 2048K, 99% used [0x00000000eb780000,0x00000000eb97f850,0x00000000eb980000)
  to   space 5120K, 0% used [0x00000000eb280000,0x00000000eb280000,0x00000000eb780000)
 ParOldGen       total 83968K, used 83779K [0x00000000c0000000, 0x00000000c5200000, 0x00000000eab00000)
  object space 83968K, 99% used [0x00000000c0000000,0x00000000c51d0f98,0x00000000c5200000)
 Metaspace       used 59112K, committed 60480K, reserved 1114112K
  class space    used 6104K, committed 6720K, reserved 1048576K
}
Event: 54.558 GC heap before
{Heap before GC invocations=60 (full 3):
 PSYoungGen      total 9728K, used 9713K [0x00000000eab00000, 0x00000000ebe80000, 0x0000000100000000)
  eden space 7680K, 99% used [0x00000000eab00000,0x00000000eb27cc98,0x00000000eb280000)
  from space 2048K, 99% used [0x00000000eb780000,0x00000000eb97f850,0x00000000eb980000)
  to   space 5120K, 0% used [0x00000000eb280000,0x00000000eb280000,0x00000000eb780000)
 ParOldGen       total 83968K, used 83779K [0x00000000c0000000, 0x00000000c5200000, 0x00000000eab00000)
  object space 83968K, 99% used [0x00000000c0000000,0x00000000c51d0f98,0x00000000c5200000)
 Metaspace       used 59112K, committed 60480K, reserved 1114112K
  class space    used 6104K, committed 6720K, reserved 1048576K
}
Event: 54.570 GC heap after
{Heap after GC invocations=60 (full 3):
 PSYoungGen      total 10240K, used 2066K [0x00000000eab00000, 0x00000000eb880000, 0x0000000100000000)
  eden space 7680K, 0% used [0x00000000eab00000,0x00000000eab00000,0x00000000eb280000)
  from space 2560K, 80% used [0x00000000eb280000,0x00000000eb4849c8,0x00000000eb500000)
  to   space 3072K, 0% used [0x00000000eb580000,0x00000000eb580000,0x00000000eb880000)
 ParOldGen       total 86016K, used 85769K [0x00000000c0000000, 0x00000000c5400000, 0x00000000eab00000)
  object space 86016K, 99% used [0x00000000c0000000,0x00000000c53c2628,0x00000000c5400000)
 Metaspace       used 59112K, committed 60480K, reserved 1114112K
  class space    used 6104K, committed 6720K, reserved 1048576K
}
Event: 54.836 GC heap before
{Heap before GC invocations=61 (full 3):
 PSYoungGen      total 10240K, used 9746K [0x00000000eab00000, 0x00000000eb880000, 0x0000000100000000)
  eden space 7680K, 100% used [0x00000000eab00000,0x00000000eb280000,0x00000000eb280000)
  from space 2560K, 80% used [0x00000000eb280000,0x00000000eb4849c8,0x00000000eb500000)
  to   space 3072K, 0% used [0x00000000eb580000,0x00000000eb580000,0x00000000eb880000)
 ParOldGen       total 86016K, used 85769K [0x00000000c0000000, 0x00000000c5400000, 0x00000000eab00000)
  object space 86016K, 99% used [0x00000000c0000000,0x00000000c53c2628,0x00000000c5400000)
 Metaspace       used 59112K, committed 60480K, reserved 1114112K
  class space    used 6104K, committed 6720K, reserved 1048576K
}
Event: 54.842 GC heap after
{Heap after GC invocations=61 (full 3):
 PSYoungGen      total 9728K, used 1987K [0x00000000eab00000, 0x00000000eb780000, 0x0000000100000000)
  eden space 7680K, 0% used [0x00000000eab00000,0x00000000eab00000,0x00000000eb280000)
  from space 2048K, 97% used [0x00000000eb580000,0x00000000eb770da8,0x00000000eb780000)
  to   space 2560K, 0% used [0x00000000eb280000,0x00000000eb280000,0x00000000eb500000)
 ParOldGen       total 88064K, used 87740K [0x00000000c0000000, 0x00000000c5600000, 0x00000000eab00000)
  object space 88064K, 99% used [0x00000000c0000000,0x00000000c55af370,0x00000000c5600000)
 Metaspace       used 59112K, committed 60480K, reserved 1114112K
  class space    used 6104K, committed 6720K, reserved 1048576K
}
Event: 55.074 GC heap before
{Heap before GC invocations=62 (full 3):
 PSYoungGen      total 9728K, used 9667K [0x00000000eab00000, 0x00000000eb780000, 0x0000000100000000)
  eden space 7680K, 100% used [0x00000000eab00000,0x00000000eb280000,0x00000000eb280000)
  from space 2048K, 97% used [0x00000000eb580000,0x00000000eb770da8,0x00000000eb780000)
  to   space 2560K, 0% used [0x00000000eb280000,0x00000000eb280000,0x00000000eb500000)
 ParOldGen       total 88064K, used 87740K [0x00000000c0000000, 0x00000000c5600000, 0x00000000eab00000)
  object space 88064K, 99% used [0x00000000c0000000,0x00000000c55af370,0x00000000c5600000)
 Metaspace       used 59112K, committed 60480K, reserved 1114112K
  class space    used 6104K, committed 6720K, reserved 1048576K
}
Event: 55.082 GC heap after
{Heap after GC invocations=62 (full 3):
 PSYoungGen      total 9728K, used 1828K [0x00000000eab00000, 0x00000000eb680000, 0x0000000100000000)
  eden space 7680K, 0% used [0x00000000eab00000,0x00000000eab00000,0x00000000eb280000)
  from space 2048K, 89% used [0x00000000eb280000,0x00000000eb449068,0x00000000eb480000)
  to   space 2048K, 0% used [0x00000000eb480000,0x00000000eb480000,0x00000000eb680000)
 ParOldGen       total 90112K, used 89666K [0x00000000c0000000, 0x00000000c5800000, 0x00000000eab00000)
  object space 90112K, 99% used [0x00000000c0000000,0x00000000c5790b90,0x00000000c5800000)
 Metaspace       used 59112K, committed 60480K, reserved 1114112K
  class space    used 6104K, committed 6720K, reserved 1048576K
}
Event: 55.246 GC heap before
{Heap before GC invocations=63 (full 3):
 PSYoungGen      total 9728K, used 9508K [0x00000000eab00000, 0x00000000eb680000, 0x0000000100000000)
  eden space 7680K, 100% used [0x00000000eab00000,0x00000000eb280000,0x00000000eb280000)
  from space 2048K, 89% used [0x00000000eb280000,0x00000000eb449068,0x00000000eb480000)
  to   space 2048K, 0% used [0x00000000eb480000,0x00000000eb480000,0x00000000eb680000)
 ParOldGen       total 90112K, used 89666K [0x00000000c0000000, 0x00000000c5800000, 0x00000000eab00000)
  object space 90112K, 99% used [0x00000000c0000000,0x00000000c5790b90,0x00000000c5800000)
 Metaspace       used 59112K, committed 60480K, reserved 1114112K
  class space    used 6104K, committed 6720K, reserved 1048576K
}
Event: 55.250 GC heap after
{Heap after GC invocations=63 (full 3):
 PSYoungGen      total 9728K, used 1835K [0x00000000eab00000, 0x00000000eb680000, 0x0000000100000000)
  eden space 7680K, 0% used [0x00000000eab00000,0x00000000eab00000,0x00000000eb280000)
  from space 2048K, 89% used [0x00000000eb480000,0x00000000eb64ac40,0x00000000eb680000)
  to   space 2048K, 0% used [0x00000000eb280000,0x00000000eb280000,0x00000000eb480000)
 ParOldGen       total 91648K, used 91411K [0x00000000c0000000, 0x00000000c5980000, 0x00000000eab00000)
  object space 91648K, 99% used [0x00000000c0000000,0x00000000c5944f58,0x00000000c5980000)
 Metaspace       used 59112K, committed 60480K, reserved 1114112K
  class space    used 6104K, committed 6720K, reserved 1048576K
}
Event: 55.742 GC heap before
{Heap before GC invocations=64 (full 3):
 PSYoungGen      total 9728K, used 9515K [0x00000000eab00000, 0x00000000eb680000, 0x0000000100000000)
  eden space 7680K, 100% used [0x00000000eab00000,0x00000000eb280000,0x00000000eb280000)
  from space 2048K, 89% used [0x00000000eb480000,0x00000000eb64ac40,0x00000000eb680000)
  to   space 2048K, 0% used [0x00000000eb280000,0x00000000eb280000,0x00000000eb480000)
 ParOldGen       total 91648K, used 91411K [0x00000000c0000000, 0x00000000c5980000, 0x00000000eab00000)
  object space 91648K, 99% used [0x00000000c0000000,0x00000000c5944f58,0x00000000c5980000)
 Metaspace       used 59112K, committed 60480K, reserved 1114112K
  class space    used 6104K, committed 6720K, reserved 1048576K
}
Event: 55.749 GC heap after
{Heap after GC invocations=64 (full 3):
 PSYoungGen      total 9728K, used 1726K [0x00000000eab00000, 0x00000000eb680000, 0x0000000100000000)
  eden space 7680K, 0% used [0x00000000eab00000,0x00000000eab00000,0x00000000eb280000)
  from space 2048K, 84% used [0x00000000eb280000,0x00000000eb42fa60,0x00000000eb480000)
  to   space 2048K, 0% used [0x00000000eb480000,0x00000000eb480000,0x00000000eb680000)
 ParOldGen       total 93184K, used 93133K [0x00000000c0000000, 0x00000000c5b00000, 0x00000000eab00000)
  object space 93184K, 99% used [0x00000000c0000000,0x00000000c5af3478,0x00000000c5b00000)
 Metaspace       used 59112K, committed 60480K, reserved 1114112K
  class space    used 6104K, committed 6720K, reserved 1048576K
}
Event: 56.848 GC heap before
{Heap before GC invocations=65 (full 3):
 PSYoungGen      total 9728K, used 9406K [0x00000000eab00000, 0x00000000eb680000, 0x0000000100000000)
  eden space 7680K, 100% used [0x00000000eab00000,0x00000000eb280000,0x00000000eb280000)
  from space 2048K, 84% used [0x00000000eb280000,0x00000000eb42fa60,0x00000000eb480000)
  to   space 2048K, 0% used [0x00000000eb480000,0x00000000eb480000,0x00000000eb680000)
 ParOldGen       total 93184K, used 93133K [0x00000000c0000000, 0x00000000c5b00000, 0x00000000eab00000)
  object space 93184K, 99% used [0x00000000c0000000,0x00000000c5af3478,0x00000000c5b00000)
 Metaspace       used 59112K, committed 60480K, reserved 1114112K
  class space    used 6104K, committed 6720K, reserved 1048576K
}
Event: 56.860 GC heap after
{Heap after GC invocations=65 (full 3):
 PSYoungGen      total 9728K, used 1794K [0x00000000eab00000, 0x00000000eb680000, 0x0000000100000000)
  eden space 7680K, 0% used [0x00000000eab00000,0x00000000eab00000,0x00000000eb280000)
  from space 2048K, 87% used [0x00000000eb480000,0x00000000eb6408d0,0x00000000eb680000)
  to   space 2048K, 0% used [0x00000000eb280000,0x00000000eb280000,0x00000000eb480000)
 ParOldGen       total 95232K, used 94807K [0x00000000c0000000, 0x00000000c5d00000, 0x00000000eab00000)
  object space 95232K, 99% used [0x00000000c0000000,0x00000000c5c95fb8,0x00000000c5d00000)
 Metaspace       used 59112K, committed 60480K, reserved 1114112K
  class space    used 6104K, committed 6720K, reserved 1048576K
}
Event: 57.221 GC heap before
{Heap before GC invocations=66 (full 3):
 PSYoungGen      total 9728K, used 9474K [0x00000000eab00000, 0x00000000eb680000, 0x0000000100000000)
  eden space 7680K, 100% used [0x00000000eab00000,0x00000000eb280000,0x00000000eb280000)
  from space 2048K, 87% used [0x00000000eb480000,0x00000000eb6408d0,0x00000000eb680000)
  to   space 2048K, 0% used [0x00000000eb280000,0x00000000eb280000,0x00000000eb480000)
 ParOldGen       total 95232K, used 94807K [0x00000000c0000000, 0x00000000c5d00000, 0x00000000eab00000)
  object space 95232K, 99% used [0x00000000c0000000,0x00000000c5c95fb8,0x00000000c5d00000)
 Metaspace       used 59112K, committed 60480K, reserved 1114112K
  class space    used 6104K, committed 6720K, reserved 1048576K
}
Event: 57.226 GC heap after
{Heap after GC invocations=66 (full 3):
 PSYoungGen      total 9728K, used 2009K [0x00000000eab00000, 0x00000000eb780000, 0x0000000100000000)
  eden space 7680K, 0% used [0x00000000eab00000,0x00000000eab00000,0x00000000eb280000)
  from space 2048K, 98% used [0x00000000eb280000,0x00000000eb476488,0x00000000eb480000)
  to   space 2560K, 0% used [0x00000000eb500000,0x00000000eb500000,0x00000000eb780000)
 ParOldGen       total 96768K, used 96490K [0x00000000c0000000, 0x00000000c5e80000, 0x00000000eab00000)
  object space 96768K, 99% used [0x00000000c0000000,0x00000000c5e3ab70,0x00000000c5e80000)
 Metaspace       used 59112K, committed 60480K, reserved 1114112K
  class space    used 6104K, committed 6720K, reserved 1048576K
}

Dll operation events (10 events):
Event: 0.017 Loaded shared library c:\Users\leone\.vscode\extensions\redhat.java-1.41.1-win32-x64\jre\21.0.6-win32-x86_64\bin\java.dll
Event: 0.296 Loaded shared library c:\Users\leone\.vscode\extensions\redhat.java-1.41.1-win32-x64\jre\21.0.6-win32-x86_64\bin\zip.dll
Event: 0.392 Loaded shared library C:\Users\leone\.vscode\extensions\redhat.java-1.41.1-win32-x64\jre\21.0.6-win32-x86_64\bin\instrument.dll
Event: 0.401 Loaded shared library C:\Users\leone\.vscode\extensions\redhat.java-1.41.1-win32-x64\jre\21.0.6-win32-x86_64\bin\net.dll
Event: 0.405 Loaded shared library C:\Users\leone\.vscode\extensions\redhat.java-1.41.1-win32-x64\jre\21.0.6-win32-x86_64\bin\nio.dll
Event: 0.443 Loaded shared library C:\Users\leone\.vscode\extensions\redhat.java-1.41.1-win32-x64\jre\21.0.6-win32-x86_64\bin\zip.dll
Event: 0.541 Loaded shared library C:\Users\leone\.vscode\extensions\redhat.java-1.41.1-win32-x64\jre\21.0.6-win32-x86_64\bin\jimage.dll
Event: 0.872 Loaded shared library c:\Users\leone\.vscode\extensions\redhat.java-1.41.1-win32-x64\jre\21.0.6-win32-x86_64\bin\verify.dll
Event: 5.740 Loaded shared library C:\Users\leone\AppData\Roaming\Code\User\globalStorage\redhat.java\1.41.1\config_win\org.eclipse.equinox.launcher\org.eclipse.equinox.launcher.win32.win32.x86_64_1.2.1300.v20250331-1702\eclipse_11911.dll
Event: 11.245 Loaded shared library C:\Users\leone\AppData\Local\Temp\jna-102859341\jna15210664739151359010.dll

Deoptimization events (20 events):
Event: 54.861 Thread 0x000001dd5d4291a0 DEOPT PACKING pc=0x000001dd4e8c2124 sp=0x000000651effea50
Event: 54.861 Thread 0x000001dd5d4291a0 DEOPT UNPACKING pc=0x000001dd4df13aa2 sp=0x000000651effea00 mode 2
Event: 54.868 Thread 0x000001dd5d4291a0 DEOPT PACKING pc=0x000001dd47dc95aa sp=0x000000651effea30
Event: 54.869 Thread 0x000001dd5d4291a0 DEOPT UNPACKING pc=0x000001dd4df14242 sp=0x000000651effdfb8 mode 0
Event: 54.900 Thread 0x000001dd5d4291a0 DEOPT PACKING pc=0x000001dd47dc95aa sp=0x000000651effea30
Event: 54.900 Thread 0x000001dd5d4291a0 DEOPT UNPACKING pc=0x000001dd4df14242 sp=0x000000651effdfb8 mode 0
Event: 55.049 Thread 0x000001dd5d4291a0 DEOPT PACKING pc=0x000001dd47dc95aa sp=0x000000651effea30
Event: 55.049 Thread 0x000001dd5d4291a0 DEOPT UNPACKING pc=0x000001dd4df14242 sp=0x000000651effdfb8 mode 0
Event: 55.068 Thread 0x000001dd5d4291a0 DEOPT PACKING pc=0x000001dd47dc95aa sp=0x000000651effea30
Event: 55.068 Thread 0x000001dd5d4291a0 DEOPT UNPACKING pc=0x000001dd4df14242 sp=0x000000651effdfb8 mode 0
Event: 55.157 Thread 0x000001dd5d4291a0 DEOPT PACKING pc=0x000001dd47dc95aa sp=0x000000651effea30
Event: 55.157 Thread 0x000001dd5d4291a0 DEOPT UNPACKING pc=0x000001dd4df14242 sp=0x000000651effdfb8 mode 0
Event: 55.172 Thread 0x000001dd5d4291a0 DEOPT PACKING pc=0x000001dd47dc95aa sp=0x000000651effea30
Event: 55.172 Thread 0x000001dd5d4291a0 DEOPT UNPACKING pc=0x000001dd4df14242 sp=0x000000651effdfb8 mode 0
Event: 55.188 Thread 0x000001dd5d4291a0 DEOPT PACKING pc=0x000001dd47dc95aa sp=0x000000651effea30
Event: 55.188 Thread 0x000001dd5d4291a0 DEOPT UNPACKING pc=0x000001dd4df14242 sp=0x000000651effdfb8 mode 0
Event: 55.612 Thread 0x000001dd5d4291a0 Uncommon trap: trap_request=0xffffffe4 fr.pc=0x000001dd4e9f4874 relative=0x0000000000001034
Event: 55.612 Thread 0x000001dd5d4291a0 Uncommon trap: reason=range_check action=make_not_entrant pc=0x000001dd4e9f4874 method=org.eclipse.jdt.internal.core.search.matching.ConstructorPattern.createDeclarationIndexKey([CI[C[[C[[CI[CII)[C @ 352 c2
Event: 55.612 Thread 0x000001dd5d4291a0 DEOPT PACKING pc=0x000001dd4e9f4874 sp=0x000000651effe9e0
Event: 55.612 Thread 0x000001dd5d4291a0 DEOPT UNPACKING pc=0x000001dd4df13aa2 sp=0x000000651effe930 mode 2

Classes loaded (20 events):
Event: 45.029 Loading class java/util/Vector$1
Event: 45.030 Loading class java/util/Vector$1 done
Event: 46.550 Loading class java/util/regex/Pattern$Caret
Event: 46.551 Loading class java/util/regex/Pattern$Caret done
Event: 46.657 Loading class java/util/regex/Pattern$LazyLoop
Event: 46.657 Loading class java/util/regex/Pattern$LazyLoop done
Event: 47.392 Loading class java/util/concurrent/ArrayBlockingQueue
Event: 47.394 Loading class java/util/concurrent/ArrayBlockingQueue done
Event: 47.847 Loading class java/util/Hashtable$ValueCollection
Event: 47.848 Loading class java/util/Hashtable$ValueCollection done
Event: 47.918 Loading class java/util/concurrent/ConcurrentHashMap$KeySpliterator
Event: 47.919 Loading class java/util/concurrent/ConcurrentHashMap$KeySpliterator done
Event: 47.969 Loading class sun/nio/ch/ChannelOutputStream
Event: 47.970 Loading class sun/nio/ch/ChannelOutputStream done
Event: 52.216 Loading class java/util/Collections$SynchronizedRandomAccessList
Event: 52.216 Loading class java/util/Collections$SynchronizedList
Event: 52.217 Loading class java/util/Collections$SynchronizedList done
Event: 52.217 Loading class java/util/Collections$SynchronizedRandomAccessList done
Event: 52.258 Loading class java/util/concurrent/CompletableFuture$Signaller
Event: 52.259 Loading class java/util/concurrent/CompletableFuture$Signaller done

Classes unloaded (7 events):
Event: 13.469 Thread 0x000001dd4384bfa0 Unloading class 0x000001dd0119bc00 'java/lang/invoke/LambdaForm$MH+0x000001dd0119bc00'
Event: 13.469 Thread 0x000001dd4384bfa0 Unloading class 0x000001dd0119b800 'java/lang/invoke/LambdaForm$MH+0x000001dd0119b800'
Event: 13.469 Thread 0x000001dd4384bfa0 Unloading class 0x000001dd0119b400 'java/lang/invoke/LambdaForm$MH+0x000001dd0119b400'
Event: 13.469 Thread 0x000001dd4384bfa0 Unloading class 0x000001dd0119b000 'java/lang/invoke/LambdaForm$MH+0x000001dd0119b000'
Event: 13.469 Thread 0x000001dd4384bfa0 Unloading class 0x000001dd0119ac00 'java/lang/invoke/LambdaForm$BMH+0x000001dd0119ac00'
Event: 13.469 Thread 0x000001dd4384bfa0 Unloading class 0x000001dd0119a800 'java/lang/invoke/LambdaForm$DMH+0x000001dd0119a800'
Event: 13.469 Thread 0x000001dd4384bfa0 Unloading class 0x000001dd01199400 'java/lang/invoke/LambdaForm$DMH+0x000001dd01199400'

Classes redefined (0 events):
No events

Internal exceptions (20 events):
Event: 47.062 Thread 0x000001dd5d429830 Exception <a 'java/lang/NoSuchMethodError'{0x00000000eafd6030}: 'int java.lang.invoke.DirectMethodHandle$Holder.invokeSpecialIFC(java.lang.Object, java.lang.Object, java.lang.Object)'> (0x00000000eafd6030) 
thrown [s\src\hotspot\share\interpreter\linkResolver.cpp, line 773]
Event: 47.738 Thread 0x000001dd5ffd00b0 Exception <a 'java/lang/NoSuchMethodError'{0x00000000ead1a520}: 'void java.lang.invoke.DirectMethodHandle$Holder.invokeStatic(java.lang.Object, int, java.lang.Object)'> (0x00000000ead1a520) 
thrown [s\src\hotspot\share\interpreter\linkResolver.cpp, line 773]
Event: 47.924 Thread 0x000001dd5d429830 Exception <a 'java/lang/NoSuchMethodError'{0x00000000eaefa358}: 'java.lang.Object java.lang.invoke.DirectMethodHandle$Holder.newInvokeSpecial(java.lang.Object, java.lang.Object, int, int, java.lang.Object)'> (0x00000000eaefa358) 
thrown [s\src\hotspot\share\interpreter\linkResolver.cpp, line 773]
Event: 48.694 Thread 0x000001dd5ffd00b0 Implicit null exception at 0x000001dd4e59f4a5 to 0x000001dd4e59f844
Event: 48.776 Thread 0x000001dd5d429830 Exception <a 'sun/nio/fs/WindowsException'{0x00000000eb19cf58}> (0x00000000eb19cf58) 
thrown [s\src\hotspot\share\prims\jni.cpp, line 520]
Event: 48.776 Thread 0x000001dd5d429830 Exception <a 'sun/nio/fs/WindowsException'{0x00000000eb19d670}> (0x00000000eb19d670) 
thrown [s\src\hotspot\share\prims\jni.cpp, line 520]
Event: 48.777 Thread 0x000001dd5d429830 Exception <a 'sun/nio/fs/WindowsException'{0x00000000eb19f030}> (0x00000000eb19f030) 
thrown [s\src\hotspot\share\prims\jni.cpp, line 520]
Event: 48.778 Thread 0x000001dd5d429830 Exception <a 'sun/nio/fs/WindowsException'{0x00000000eb19f748}> (0x00000000eb19f748) 
thrown [s\src\hotspot\share\prims\jni.cpp, line 520]
Event: 48.807 Thread 0x000001dd5d429830 Exception <a 'sun/nio/fs/WindowsException'{0x00000000eb2895e8}> (0x00000000eb2895e8) 
thrown [s\src\hotspot\share\prims\jni.cpp, line 520]
Event: 48.910 Thread 0x000001dd5d429830 Exception <a 'sun/nio/fs/WindowsException'{0x00000000ead59bb0}> (0x00000000ead59bb0) 
thrown [s\src\hotspot\share\prims\jni.cpp, line 520]
Event: 48.915 Thread 0x000001dd5ffd5c90 Exception <a 'sun/nio/fs/WindowsException'{0x00000000ead8e620}> (0x00000000ead8e620) 
thrown [s\src\hotspot\share\prims\jni.cpp, line 520]
Event: 48.939 Thread 0x000001dd5d429830 Exception <a 'sun/nio/fs/WindowsException'{0x00000000eaf1a770}> (0x00000000eaf1a770) 
thrown [s\src\hotspot\share\prims\jni.cpp, line 520]
Event: 48.941 Thread 0x000001dd5ffd5c90 Exception <a 'sun/nio/fs/WindowsException'{0x00000000ead8fcf0}> (0x00000000ead8fcf0) 
thrown [s\src\hotspot\share\prims\jni.cpp, line 520]
Event: 48.941 Thread 0x000001dd5ffd5c90 Exception <a 'sun/nio/fs/WindowsException'{0x00000000eaf3ddb0}> (0x00000000eaf3ddb0) 
thrown [s\src\hotspot\share\prims\jni.cpp, line 520]
Event: 48.943 Thread 0x000001dd5ffd5c90 Exception <a 'sun/nio/fs/WindowsException'{0x00000000eaf3f5b0}> (0x00000000eaf3f5b0) 
thrown [s\src\hotspot\share\prims\jni.cpp, line 520]
Event: 48.943 Thread 0x000001dd5ffd48e0 Exception <a 'sun/nio/fs/WindowsException'{0x00000000eaf41560}> (0x00000000eaf41560) 
thrown [s\src\hotspot\share\prims\jni.cpp, line 520]
Event: 48.991 Thread 0x000001dd5d429830 Exception <a 'sun/nio/fs/WindowsException'{0x00000000eb0dba48}> (0x00000000eb0dba48) 
thrown [s\src\hotspot\share\prims\jni.cpp, line 520]
Event: 48.991 Thread 0x000001dd5d429830 Exception <a 'sun/nio/fs/WindowsException'{0x00000000eb0dc160}> (0x00000000eb0dc160) 
thrown [s\src\hotspot\share\prims\jni.cpp, line 520]
Event: 51.528 Thread 0x000001dd601eb6f0 Exception <a 'java/lang/IncompatibleClassChangeError'{0x00000000ead9ae28}: Found class java.lang.Object, but interface was expected> (0x00000000ead9ae28) 
thrown [s\src\hotspot\share\interpreter\linkResolver.cpp, line 840]
Event: 52.144 Thread 0x000001dd601eb6f0 Exception <a 'java/lang/IncompatibleClassChangeError'{0x00000000eaea1b20}: Found class java.lang.Object, but interface was expected> (0x00000000eaea1b20) 
thrown [s\src\hotspot\share\interpreter\linkResolver.cpp, line 840]

ZGC Phase Switch (0 events):
No events

VM Operations (20 events):
Event: 54.153 Executing VM operation: ParallelGCFailedAllocation (Allocation Failure)
Event: 54.157 Executing VM operation: ParallelGCFailedAllocation (Allocation Failure) done
Event: 54.356 Executing VM operation: ParallelGCFailedAllocation (Allocation Failure)
Event: 54.361 Executing VM operation: ParallelGCFailedAllocation (Allocation Failure) done
Event: 54.558 Executing VM operation: ParallelGCFailedAllocation (Allocation Failure)
Event: 54.570 Executing VM operation: ParallelGCFailedAllocation (Allocation Failure) done
Event: 54.836 Executing VM operation: ParallelGCFailedAllocation (Allocation Failure)
Event: 54.842 Executing VM operation: ParallelGCFailedAllocation (Allocation Failure) done
Event: 55.074 Executing VM operation: ParallelGCFailedAllocation (Allocation Failure)
Event: 55.082 Executing VM operation: ParallelGCFailedAllocation (Allocation Failure) done
Event: 55.246 Executing VM operation: ParallelGCFailedAllocation (Allocation Failure)
Event: 55.250 Executing VM operation: ParallelGCFailedAllocation (Allocation Failure) done
Event: 55.742 Executing VM operation: ParallelGCFailedAllocation (Allocation Failure)
Event: 55.749 Executing VM operation: ParallelGCFailedAllocation (Allocation Failure) done
Event: 56.755 Executing VM operation: Cleanup
Event: 56.804 Executing VM operation: Cleanup done
Event: 56.848 Executing VM operation: ParallelGCFailedAllocation (Allocation Failure)
Event: 56.860 Executing VM operation: ParallelGCFailedAllocation (Allocation Failure) done
Event: 57.221 Executing VM operation: ParallelGCFailedAllocation (Allocation Failure)
Event: 57.226 Executing VM operation: ParallelGCFailedAllocation (Allocation Failure) done

Memory protections (0 events):
No events

Nmethod flushes (20 events):
Event: 48.203 Thread 0x000001dd4384bfa0 flushing  nmethod 0x000001dd47307d10
Event: 48.203 Thread 0x000001dd4384bfa0 flushing  nmethod 0x000001dd47309890
Event: 48.203 Thread 0x000001dd4384bfa0 flushing  nmethod 0x000001dd47309d10
Event: 48.203 Thread 0x000001dd4384bfa0 flushing  nmethod 0x000001dd4730a610
Event: 48.203 Thread 0x000001dd4384bfa0 flushing  nmethod 0x000001dd4730ce10
Event: 48.203 Thread 0x000001dd4384bfa0 flushing  nmethod 0x000001dd4730d190
Event: 48.203 Thread 0x000001dd4384bfa0 flushing  nmethod 0x000001dd4730e090
Event: 48.203 Thread 0x000001dd4384bfa0 flushing  nmethod 0x000001dd4730e690
Event: 48.203 Thread 0x000001dd4384bfa0 flushing  nmethod 0x000001dd4730ef10
Event: 48.203 Thread 0x000001dd4384bfa0 flushing  nmethod 0x000001dd4730f410
Event: 48.203 Thread 0x000001dd4384bfa0 flushing  nmethod 0x000001dd47310510
Event: 48.203 Thread 0x000001dd4384bfa0 flushing  nmethod 0x000001dd47313f10
Event: 48.203 Thread 0x000001dd4384bfa0 flushing  nmethod 0x000001dd47314710
Event: 48.203 Thread 0x000001dd4384bfa0 flushing  nmethod 0x000001dd47328690
Event: 48.203 Thread 0x000001dd4384bfa0 flushing  nmethod 0x000001dd47330990
Event: 48.203 Thread 0x000001dd4384bfa0 flushing  nmethod 0x000001dd47334990
Event: 48.203 Thread 0x000001dd4384bfa0 flushing  nmethod 0x000001dd47336590
Event: 48.203 Thread 0x000001dd4384bfa0 flushing  nmethod 0x000001dd4733a910
Event: 48.203 Thread 0x000001dd4384bfa0 flushing osr nmethod 0x000001dd47340490
Event: 48.203 Thread 0x000001dd4384bfa0 flushing  nmethod 0x000001dd47348210

Events (20 events):
Event: 33.512 Thread 0x000001dd601e9620 Thread exited: 0x000001dd601e9620
Event: 33.512 Thread 0x000001dd601e9cb0 Thread exited: 0x000001dd601e9cb0
Event: 33.512 Thread 0x000001dd601ef200 Thread exited: 0x000001dd601ef200
Event: 34.670 Thread 0x000001dd5d429830 Thread added: 0x000001dd5ffd3530
Event: 34.672 Thread 0x000001dd5d429830 Thread added: 0x000001dd5ffd5600
Event: 34.673 Thread 0x000001dd5d429830 Thread added: 0x000001dd5ffd4250
Event: 34.674 Thread 0x000001dd5d429830 Thread added: 0x000001dd5ffd48e0
Event: 34.674 Thread 0x000001dd5d429830 Thread added: 0x000001dd5ffd5c90
Event: 35.729 Thread 0x000001dd5ffd4250 Thread exited: 0x000001dd5ffd4250
Event: 35.730 Thread 0x000001dd5ffd3530 Thread exited: 0x000001dd5ffd3530
Event: 35.730 Thread 0x000001dd5ffd48e0 Thread exited: 0x000001dd5ffd48e0
Event: 35.730 Thread 0x000001dd5ffd5c90 Thread exited: 0x000001dd5ffd5c90
Event: 35.730 Thread 0x000001dd5ffd5600 Thread exited: 0x000001dd5ffd5600
Event: 42.280 Thread 0x000001dd5d429830 Thread added: 0x000001dd5ffd5c90
Event: 42.483 Thread 0x000001dd5ffd5c90 Thread added: 0x000001dd5ffd48e0
Event: 42.497 Thread 0x000001dd5ffd5c90 Thread added: 0x000001dd5ffd5600
Event: 42.599 Thread 0x000001dd5ffd48e0 Thread added: 0x000001dd5ffd1af0
Event: 47.402 Thread 0x000001dd5d429830 Thread added: 0x000001dd5ffd00b0
Event: 47.926 Thread 0x000001dd5d429830 Thread added: 0x000001dd5ffd6320
Event: 48.643 Thread 0x000001dd5d429830 Thread added: 0x000001dd5ffd2ea0


Dynamic libraries:
0x00007ff761be0000 - 0x00007ff761bee000 	c:\Users\leone\.vscode\extensions\redhat.java-1.41.1-win32-x64\jre\21.0.6-win32-x86_64\bin\java.exe
0x00007ffcef2d0000 - 0x00007ffcef4c8000 	C:\WINDOWS\SYSTEM32\ntdll.dll
0x00007ffceded0000 - 0x00007ffcedf92000 	C:\WINDOWS\System32\KERNEL32.DLL
0x00007ffcecef0000 - 0x00007ffced1ef000 	C:\WINDOWS\System32\KERNELBASE.dll
0x00007ffced1f0000 - 0x00007ffced2f0000 	C:\WINDOWS\System32\ucrtbase.dll
0x00007ffcc8ff0000 - 0x00007ffcc9008000 	c:\Users\leone\.vscode\extensions\redhat.java-1.41.1-win32-x64\jre\21.0.6-win32-x86_64\bin\jli.dll
0x00007ffced3a0000 - 0x00007ffced53d000 	C:\WINDOWS\System32\USER32.dll
0x00007ffcecad0000 - 0x00007ffcecaf2000 	C:\WINDOWS\System32\win32u.dll
0x00007ffceeee0000 - 0x00007ffceef0b000 	C:\WINDOWS\System32\GDI32.dll
0x00007ffcecb00000 - 0x00007ffcecc1a000 	C:\WINDOWS\System32\gdi32full.dll
0x00007ffceca30000 - 0x00007ffcecacd000 	C:\WINDOWS\System32\msvcp_win.dll
0x00007ffcc8fd0000 - 0x00007ffcc8fee000 	c:\Users\leone\.vscode\extensions\redhat.java-1.41.1-win32-x64\jre\21.0.6-win32-x86_64\bin\VCRUNTIME140.dll
0x00007ffcebd30000 - 0x00007ffcebfca000 	C:\WINDOWS\WinSxS\amd64_microsoft.windows.common-controls_6595b64144ccf1df_6.0.19041.4355_none_60b8b9eb71f62e16\COMCTL32.dll
0x00007ffceef10000 - 0x00007ffceefae000 	C:\WINDOWS\System32\msvcrt.dll
0x00007ffcedd60000 - 0x00007ffcedd8f000 	C:\WINDOWS\System32\IMM32.DLL
0x00007ffcdca40000 - 0x00007ffcdca4c000 	c:\Users\leone\.vscode\extensions\redhat.java-1.41.1-win32-x64\jre\21.0.6-win32-x86_64\bin\vcruntime140_1.dll
0x00007ffcb2b90000 - 0x00007ffcb2c1d000 	c:\Users\leone\.vscode\extensions\redhat.java-1.41.1-win32-x64\jre\21.0.6-win32-x86_64\bin\msvcp140.dll
0x00007ffc6f580000 - 0x00007ffc70310000 	c:\Users\leone\.vscode\extensions\redhat.java-1.41.1-win32-x64\jre\21.0.6-win32-x86_64\bin\server\jvm.dll
0x00007ffcee160000 - 0x00007ffcee20f000 	C:\WINDOWS\System32\ADVAPI32.dll
0x00007ffcee7b0000 - 0x00007ffcee84f000 	C:\WINDOWS\System32\sechost.dll
0x00007ffcedda0000 - 0x00007ffcedec3000 	C:\WINDOWS\System32\RPCRT4.dll
0x00007ffcecd60000 - 0x00007ffcecd87000 	C:\WINDOWS\System32\bcrypt.dll
0x00007ffceefc0000 - 0x00007ffcef02b000 	C:\WINDOWS\System32\WS2_32.dll
0x00007ffcec560000 - 0x00007ffcec5ab000 	C:\WINDOWS\SYSTEM32\POWRPROF.dll
0x00007ffce98d0000 - 0x00007ffce98f7000 	C:\WINDOWS\SYSTEM32\WINMM.dll
0x00007ffce9110000 - 0x00007ffce911a000 	C:\WINDOWS\SYSTEM32\VERSION.dll
0x00007ffcec0c0000 - 0x00007ffcec0d2000 	C:\WINDOWS\SYSTEM32\UMPDC.dll
0x00007ffcea480000 - 0x00007ffcea492000 	C:\WINDOWS\SYSTEM32\kernel.appcore.dll
0x00007ffcd4690000 - 0x00007ffcd469a000 	c:\Users\leone\.vscode\extensions\redhat.java-1.41.1-win32-x64\jre\21.0.6-win32-x86_64\bin\jimage.dll
0x00007ffcec2f0000 - 0x00007ffcec4d4000 	C:\WINDOWS\SYSTEM32\DBGHELP.DLL
0x00007ffcec100000 - 0x00007ffcec134000 	C:\WINDOWS\SYSTEM32\dbgcore.DLL
0x00007ffcecc20000 - 0x00007ffcecca2000 	C:\WINDOWS\System32\bcryptPrimitives.dll
0x00007ffcd3420000 - 0x00007ffcd342f000 	c:\Users\leone\.vscode\extensions\redhat.java-1.41.1-win32-x64\jre\21.0.6-win32-x86_64\bin\instrument.dll
0x00007ffcc7c30000 - 0x00007ffcc7c4f000 	c:\Users\leone\.vscode\extensions\redhat.java-1.41.1-win32-x64\jre\21.0.6-win32-x86_64\bin\java.dll
0x00007ffced5d0000 - 0x00007ffcedd3d000 	C:\WINDOWS\System32\SHELL32.dll
0x00007ffce9cc0000 - 0x00007ffcea464000 	C:\WINDOWS\SYSTEM32\windows.storage.dll
0x00007ffcee210000 - 0x00007ffcee565000 	C:\WINDOWS\System32\combase.dll
0x00007ffcebc90000 - 0x00007ffcebcbb000 	C:\WINDOWS\SYSTEM32\Wldp.dll
0x00007ffcedfa0000 - 0x00007ffcee06d000 	C:\WINDOWS\System32\OLEAUT32.dll
0x00007ffced2f0000 - 0x00007ffced39d000 	C:\WINDOWS\System32\SHCORE.dll
0x00007ffcee6a0000 - 0x00007ffcee6f5000 	C:\WINDOWS\System32\shlwapi.dll
0x00007ffcec8a0000 - 0x00007ffcec8c5000 	C:\WINDOWS\SYSTEM32\profapi.dll
0x00007ffcc4da0000 - 0x00007ffcc4db8000 	c:\Users\leone\.vscode\extensions\redhat.java-1.41.1-win32-x64\jre\21.0.6-win32-x86_64\bin\zip.dll
0x00007ffcd2770000 - 0x00007ffcd2780000 	C:\Users\leone\.vscode\extensions\redhat.java-1.41.1-win32-x64\jre\21.0.6-win32-x86_64\bin\net.dll
0x00007ffcdf180000 - 0x00007ffcdf28a000 	C:\WINDOWS\SYSTEM32\WINHTTP.dll
0x00007ffcebb60000 - 0x00007ffcebbcc000 	C:\WINDOWS\system32\mswsock.dll
0x00007ffcc6cd0000 - 0x00007ffcc6ce6000 	C:\Users\leone\.vscode\extensions\redhat.java-1.41.1-win32-x64\jre\21.0.6-win32-x86_64\bin\nio.dll
0x00007ffcd2050000 - 0x00007ffcd2060000 	c:\Users\leone\.vscode\extensions\redhat.java-1.41.1-win32-x64\jre\21.0.6-win32-x86_64\bin\verify.dll
0x00007ffcb8930000 - 0x00007ffcb8975000 	C:\Users\leone\AppData\Roaming\Code\User\globalStorage\redhat.java\1.41.1\config_win\org.eclipse.equinox.launcher\org.eclipse.equinox.launcher.win32.win32.x86_64_1.2.1300.v20250331-1702\eclipse_11911.dll
0x00007ffcee570000 - 0x00007ffcee69b000 	C:\WINDOWS\System32\ole32.dll
0x00007ffcec6e0000 - 0x00007ffcec6f8000 	C:\WINDOWS\SYSTEM32\CRYPTSP.dll
0x00007ffceb370000 - 0x00007ffceb3a8000 	C:\WINDOWS\system32\rsaenh.dll
0x00007ffcec820000 - 0x00007ffcec84e000 	C:\WINDOWS\SYSTEM32\USERENV.dll
0x00007ffcebc50000 - 0x00007ffcebc5c000 	C:\WINDOWS\SYSTEM32\CRYPTBASE.dll
0x00007ffceb6d0000 - 0x00007ffceb70b000 	C:\WINDOWS\SYSTEM32\IPHLPAPI.DLL
0x00007ffceefb0000 - 0x00007ffceefb8000 	C:\WINDOWS\System32\NSI.dll
0x00007ffcb1910000 - 0x00007ffcb1959000 	C:\Users\leone\AppData\Local\Temp\jna-102859341\jna15210664739151359010.dll
0x00007ffcedd90000 - 0x00007ffcedd98000 	C:\WINDOWS\System32\PSAPI.DLL
0x00007ffce24f0000 - 0x00007ffce2507000 	C:\WINDOWS\SYSTEM32\dhcpcsvc6.DLL
0x00007ffce2f50000 - 0x00007ffce2f6d000 	C:\WINDOWS\SYSTEM32\dhcpcsvc.DLL
0x00007ffcec6a0000 - 0x00007ffcec6d3000 	C:\WINDOWS\SYSTEM32\ntmarta.dll

dbghelp: loaded successfully - version: 4.0.5 - missing functions: none
symbol engine: initialized successfully - sym options: 0x614 - pdb path: .;c:\Users\leone\.vscode\extensions\redhat.java-1.41.1-win32-x64\jre\21.0.6-win32-x86_64\bin;C:\WINDOWS\SYSTEM32;C:\WINDOWS\WinSxS\amd64_microsoft.windows.common-controls_6595b64144ccf1df_6.0.19041.4355_none_60b8b9eb71f62e16;c:\Users\leone\.vscode\extensions\redhat.java-1.41.1-win32-x64\jre\21.0.6-win32-x86_64\bin\server;C:\Users\leone\AppData\Roaming\Code\User\globalStorage\redhat.java\1.41.1\config_win\org.eclipse.equinox.launcher\org.eclipse.equinox.launcher.win32.win32.x86_64_1.2.1300.v20250331-1702;C:\Users\leone\AppData\Local\Temp\jna-102859341

VM Arguments:
jvm_args: --add-modules=ALL-SYSTEM --add-opens=java.base/java.util=ALL-UNNAMED --add-opens=java.base/java.lang=ALL-UNNAMED --add-opens=java.base/sun.nio.fs=ALL-UNNAMED -Declipse.application=org.eclipse.jdt.ls.core.id1 -Dosgi.bundles.defaultStartLevel=4 -Declipse.product=org.eclipse.jdt.ls.core.product -Djava.import.generatesMetadataFilesAtProjectRoot=false -DDetectVMInstallationsJob.disabled=true -Dfile.encoding=utf8 -XX:+UseParallelGC -XX:GCTimeRatio=4 -XX:AdaptiveSizePolicyWeight=90 -Dsun.zip.disableMemoryMapping=true -Xmx1G -Xms100m -Xlog:disable -javaagent:c:\Users\leone\.vscode\extensions\redhat.java-1.41.1-win32-x64\lombok\lombok-1.18.36.jar -XX:+HeapDumpOnOutOfMemoryError -XX:HeapDumpPath=c:\Users\leone\AppData\Roaming\Code\User\workspaceStorage\a3c3274fa406f47b0e14858119fa9210\redhat.java -Daether.dependencyCollector.impl=bf 
java_command: c:\Users\leone\.vscode\extensions\redhat.java-1.41.1-win32-x64\server\plugins\org.eclipse.equinox.launcher_1.7.0.v20250331-1702.jar -configuration c:\Users\leone\AppData\Roaming\Code\User\globalStorage\redhat.java\1.41.1\config_win -data c:\Users\leone\AppData\Roaming\Code\User\workspaceStorage\a3c3274fa406f47b0e14858119fa9210\redhat.java\jdt_ws --pipe=\\.\pipe\lsp-2806f44561dddcdfb3f66aac4ef57635-sock
java_class_path (initial): c:\Users\leone\.vscode\extensions\redhat.java-1.41.1-win32-x64\server\plugins\org.eclipse.equinox.launcher_1.7.0.v20250331-1702.jar
Launcher Type: SUN_STANDARD

[Global flags]
    uintx AdaptiveSizePolicyWeight                 = 90                                        {product} {command line}
     intx CICompilerCount                          = 3                                         {product} {ergonomic}
    uintx GCTimeRatio                              = 4                                         {product} {command line}
     bool HeapDumpOnOutOfMemoryError               = true                                   {manageable} {command line}
    ccstr HeapDumpPath                             = c:\Users\leone\AppData\Roaming\Code\User\workspaceStorage\a3c3274fa406f47b0e14858119fa9210\redhat.java         {manageable} {command line}
   size_t InitialHeapSize                          = 104857600                                 {product} {command line}
   size_t MaxHeapSize                              = 1073741824                                {product} {command line}
   size_t MaxNewSize                               = 357564416                                 {product} {ergonomic}
   size_t MinHeapDeltaBytes                        = 524288                                    {product} {ergonomic}
   size_t MinHeapSize                              = 104857600                                 {product} {command line}
   size_t NewSize                                  = 34603008                                  {product} {ergonomic}
    uintx NonNMethodCodeHeapSize                   = 5832780                                {pd product} {ergonomic}
    uintx NonProfiledCodeHeapSize                  = 122912730                              {pd product} {ergonomic}
   size_t OldSize                                  = 70254592                                  {product} {ergonomic}
    uintx ProfiledCodeHeapSize                     = 122912730                              {pd product} {ergonomic}
    uintx ReservedCodeCacheSize                    = 251658240                              {pd product} {ergonomic}
     bool SegmentedCodeCache                       = true                                      {product} {ergonomic}
   size_t SoftMaxHeapSize                          = 1073741824                             {manageable} {ergonomic}
     bool UseCompressedOops                        = true                           {product lp64_product} {ergonomic}
     bool UseLargePagesIndividualAllocation        = false                                  {pd product} {ergonomic}
     bool UseParallelGC                            = true                                      {product} {command line}

Logging:
Log output configuration:
 #0: stdout all=off uptime,level,tags foldmultilines=false
 #1: stderr all=off uptime,level,tags foldmultilines=false

Environment Variables:
JAVA_HOME=C:\Program Files\Eclipse Adoptium\jdk-17.0.14.7-hotspot\
PATH=C:\Program Files\Common Files\Oracle\Java\javapath;C:\Program Files\Eclipse Adoptium\jdk-17.0.14.7-hotspot\bin;C:\Program Files (x86)\Intel\iCLS Client\;C:\Program Files\Intel\iCLS Client\;C:\WINDOWS\system32;C:\WINDOWS;C:\WINDOWS\System32\Wbem;C:\WINDOWS\System32\WindowsPowerShell\v1.0\;C:\Program Files (x86)\Intel\Intel(R) Management Engine Components\DAL;C:\Program Files\Intel\Intel(R) Management Engine Components\DAL;C:\Program Files (x86)\Intel\Intel(R) Management Engine Components\IPT;C:\Program Files\Intel\Intel(R) Management Engine Components\IPT;C:\WINDOWS\System32\OpenSSH\;C:\Program Files\Git\cmd;C:\Program Files\nodejs\;C:\Users\leone\AppData\Local\Microsoft\WindowsApps;C:\Users\leone\AppData\Local\Programs\Microsoft VS Code\bin;C:\Program Files\Git\cmd;C:\Users\leone\AppData\Roaming\npm;C:\Program Files\Apache\Maven\apache-maven-3.9.9\bin;
USERNAME=leone
OS=Windows_NT
PROCESSOR_IDENTIFIER=Intel64 Family 6 Model 61 Stepping 4, GenuineIntel
TMP=C:\Users\leone\AppData\Local\Temp
TEMP=C:\Users\leone\AppData\Local\Temp




Periodic native trim disabled

---------------  S Y S T E M  ---------------

OS:
 Windows 10 , 64 bit Build 19041 (10.0.19041.5438)
OS uptime: 6 days 7:14 hours

CPU: total 4 (initial active 4) (2 cores per cpu, 2 threads per core) family 6 model 61 stepping 4 microcode 0x2d, cx8, cmov, fxsr, ht, mmx, 3dnowpref, sse, sse2, sse3, ssse3, sse4.1, sse4.2, popcnt, lzcnt, tsc, tscinvbit, avx, avx2, aes, erms, clmul, bmi1, bmi2, adx, fma, vzeroupper, clflush, rdtscp, f16c
Processor Information for the first 4 processors :
  Max Mhz: 2201, Current Mhz: 2201, Mhz Limit: 2201

Memory: 4k page, system-wide physical 3995M (176M free)
TotalPageFile size 16283M (AvailPageFile size 3M)
current process WorkingSet (physical memory assigned to process): 204M, peak: 253M
current process commit charge ("private bytes"): 312M, peak: 324M

vm_info: OpenJDK 64-Bit Server VM (21.0.6+7-LTS) for windows-amd64 JRE (21.0.6+7-LTS), built on 2025-01-21T00:00:00Z by "admin" with MS VC++ 17.7 (VS2022)

END.
